{"/home/travis/build/npmtest/node-npmtest-bitcoinjs-lib/test.js":{"path":"/home/travis/build/npmtest/node-npmtest-bitcoinjs-lib/test.js","s":{"1":2,"2":2,"3":2,"4":2,"5":2,"6":2,"7":2,"8":1,"9":2,"10":2,"11":1,"12":1,"13":1,"14":1,"15":2,"16":2,"17":2,"18":2,"19":1,"20":1,"21":2,"22":2,"23":2,"24":1,"25":1,"26":1,"27":1,"28":1,"29":1,"30":1,"31":1,"32":1,"33":1,"34":1,"35":1,"36":1,"37":1,"38":1,"39":2,"40":2,"41":1,"42":2,"43":2,"44":1,"45":2,"46":2,"47":1,"48":2,"49":2,"50":1,"51":1,"52":1,"53":1,"54":1},"b":{"1":[2,1,1,1],"2":[1,1,1,1],"3":[1,1],"4":[1,1],"5":[1,1],"6":[1,1],"7":[1,1],"8":[1,1],"9":[1,1],"10":[1,1,1],"11":[1,1],"12":[1,1],"13":[1,1],"14":[1,1],"15":[1,1],"16":[1,1],"17":[1,1]},"f":{"1":2,"2":2,"3":2,"4":2,"5":2,"6":1,"7":1,"8":1,"9":2,"10":2,"11":2,"12":2,"13":1},"fnMap":{"1":{"name":"(anonymous_1)","line":12,"loc":{"start":{"line":12,"column":1},"end":{"line":12,"column":13}}},"2":{"name":"(anonymous_2)","line":19,"loc":{"start":{"line":19,"column":5},"end":{"line":19,"column":17}}},"3":{"name":"(anonymous_3)","line":23,"loc":{"start":{"line":23,"column":24},"end":{"line":23,"column":36}}},"4":{"name":"(anonymous_4)","line":61,"loc":{"start":{"line":61,"column":5},"end":{"line":61,"column":17}}},"5":{"name":"(anonymous_5)","line":82,"loc":{"start":{"line":82,"column":5},"end":{"line":82,"column":17}}},"6":{"name":"(anonymous_6)","line":91,"loc":{"start":{"line":91,"column":77},"end":{"line":94,"column":10}}},"7":{"name":"(anonymous_7)","line":112,"loc":{"start":{"line":112,"column":83},"end":{"line":115,"column":10}},"skip":true},"8":{"name":"(anonymous_8)","line":123,"loc":{"start":{"line":123,"column":77},"end":{"line":126,"column":10}},"skip":true},"9":{"name":"(anonymous_9)","line":139,"loc":{"start":{"line":139,"column":12},"end":{"line":139,"column":40}},"skip":true},"10":{"name":"(anonymous_10)","line":147,"loc":{"start":{"line":147,"column":77},"end":{"line":150,"column":10}},"skip":true},"11":{"name":"(anonymous_11)","line":158,"loc":{"start":{"line":158,"column":83},"end":{"line":161,"column":10}},"skip":true},"12":{"name":"(anonymous_12)","line":169,"loc":{"start":{"line":169,"column":79},"end":{"line":172,"column":10}},"skip":true},"13":{"name":"(anonymous_13)","line":180,"loc":{"start":{"line":180,"column":75},"end":{"line":183,"column":10}},"skip":true}},"statementMap":{"1":{"start":{"line":12,"column":0},"end":{"line":195,"column":5}},"2":{"start":{"line":14,"column":4},"end":{"line":14,"column":14}},"3":{"start":{"line":19,"column":4},"end":{"line":56,"column":9}},"4":{"start":{"line":21,"column":8},"end":{"line":21,"column":19}},"5":{"start":{"line":23,"column":8},"end":{"line":35,"column":13}},"6":{"start":{"line":24,"column":12},"end":{"line":34,"column":13}},"7":{"start":{"line":25,"column":16},"end":{"line":28,"column":30}},"8":{"start":{"line":30,"column":16},"end":{"line":33,"column":27}},"9":{"start":{"line":37,"column":8},"end":{"line":39,"column":21}},"10":{"start":{"line":40,"column":8},"end":{"line":53,"column":9}},"11":{"start":{"line":43,"column":12},"end":{"line":46,"column":14}},"12":{"start":{"line":47,"column":12},"end":{"line":47,"column":18}},"13":{"start":{"line":50,"column":12},"end":{"line":51,"column":33}},"14":{"start":{"line":52,"column":12},"end":{"line":52,"column":18}},"15":{"start":{"line":55,"column":8},"end":{"line":55,"column":35}},"16":{"start":{"line":61,"column":4},"end":{"line":63,"column":9}},"17":{"start":{"line":62,"column":8},"end":{"line":62,"column":15}},"18":{"start":{"line":64,"column":4},"end":{"line":77,"column":5}},"19":{"start":{"line":70,"column":8},"end":{"line":70,"column":14}},"20":{"start":{"line":76,"column":8},"end":{"line":76,"column":14}},"21":{"start":{"line":82,"column":4},"end":{"line":84,"column":9}},"22":{"start":{"line":83,"column":8},"end":{"line":83,"column":15}},"23":{"start":{"line":85,"column":4},"end":{"line":194,"column":5}},"24":{"start":{"line":91,"column":8},"end":{"line":99,"column":10}},"25":{"start":{"line":98,"column":12},"end":{"line":98,"column":35}},"26":{"start":{"line":102,"column":8},"end":{"line":104,"column":63}},"27":{"start":{"line":105,"column":8},"end":{"line":105,"column":14}},"28":{"start":{"line":112,"column":8},"end":{"line":121,"column":10},"skip":true},"29":{"start":{"line":119,"column":12},"end":{"line":119,"column":55},"skip":true},"30":{"start":{"line":120,"column":12},"end":{"line":120,"column":48},"skip":true},"31":{"start":{"line":123,"column":8},"end":{"line":136,"column":10},"skip":true},"32":{"start":{"line":130,"column":12},"end":{"line":130,"column":76},"skip":true},"33":{"start":{"line":131,"column":12},"end":{"line":131,"column":73},"skip":true},"34":{"start":{"line":132,"column":12},"end":{"line":132,"column":74},"skip":true},"35":{"start":{"line":133,"column":12},"end":{"line":133,"column":79},"skip":true},"36":{"start":{"line":134,"column":12},"end":{"line":134,"column":25},"skip":true},"37":{"start":{"line":135,"column":12},"end":{"line":135,"column":45},"skip":true},"38":{"start":{"line":138,"column":8},"end":{"line":145,"column":14},"skip":true},"39":{"start":{"line":143,"column":16},"end":{"line":143,"column":29},"skip":true},"40":{"start":{"line":144,"column":16},"end":{"line":144,"column":55},"skip":true},"41":{"start":{"line":147,"column":8},"end":{"line":156,"column":10},"skip":true},"42":{"start":{"line":154,"column":12},"end":{"line":154,"column":25},"skip":true},"43":{"start":{"line":155,"column":12},"end":{"line":155,"column":45},"skip":true},"44":{"start":{"line":158,"column":8},"end":{"line":167,"column":10},"skip":true},"45":{"start":{"line":165,"column":12},"end":{"line":165,"column":25},"skip":true},"46":{"start":{"line":166,"column":12},"end":{"line":166,"column":48},"skip":true},"47":{"start":{"line":169,"column":8},"end":{"line":178,"column":10},"skip":true},"48":{"start":{"line":176,"column":12},"end":{"line":176,"column":25},"skip":true},"49":{"start":{"line":177,"column":12},"end":{"line":177,"column":46},"skip":true},"50":{"start":{"line":180,"column":8},"end":{"line":189,"column":10},"skip":true},"51":{"start":{"line":187,"column":12},"end":{"line":187,"column":94},"skip":true},"52":{"start":{"line":188,"column":12},"end":{"line":188,"column":48},"skip":true},"53":{"start":{"line":192,"column":8},"end":{"line":192,"column":35},"skip":true},"54":{"start":{"line":193,"column":8},"end":{"line":193,"column":14},"skip":true}},"branchMap":{"1":{"line":25,"type":"binary-expr","locations":[{"start":{"line":25,"column":23},"end":{"line":25,"column":62}},{"start":{"line":26,"column":20},"end":{"line":26,"column":70}},{"start":{"line":27,"column":20},"end":{"line":27,"column":71}},{"start":{"line":28,"column":20},"end":{"line":28,"column":29}}]},"2":{"line":30,"type":"binary-expr","locations":[{"start":{"line":30,"column":23},"end":{"line":30,"column":37}},{"start":{"line":31,"column":20},"end":{"line":31,"column":61}},{"start":{"line":32,"column":20},"end":{"line":32,"column":70}},{"start":{"line":33,"column":20},"end":{"line":33,"column":26}}]},"3":{"line":37,"type":"cond-expr","locations":[{"start":{"line":38,"column":14},"end":{"line":38,"column":20}},{"start":{"line":39,"column":14},"end":{"line":39,"column":20}}]},"4":{"line":40,"type":"switch","locations":[{"start":{"line":42,"column":8},"end":{"line":47,"column":18}},{"start":{"line":49,"column":8},"end":{"line":52,"column":18}}]},"5":{"line":44,"type":"binary-expr","locations":[{"start":{"line":44,"column":16},"end":{"line":44,"column":44}},{"start":{"line":44,"column":48},"end":{"line":44,"column":66}}]},"6":{"line":50,"type":"binary-expr","locations":[{"start":{"line":50,"column":21},"end":{"line":50,"column":49}},{"start":{"line":50,"column":53},"end":{"line":50,"column":72}}]},"7":{"line":64,"type":"switch","locations":[{"start":{"line":69,"column":4},"end":{"line":70,"column":14}},{"start":{"line":75,"column":4},"end":{"line":76,"column":14}}]},"8":{"line":85,"type":"switch","locations":[{"start":{"line":90,"column":4},"end":{"line":105,"column":14}},{"start":{"line":111,"column":4},"end":{"line":193,"column":14},"skip":true}]},"9":{"line":91,"type":"binary-expr","locations":[{"start":{"line":91,"column":42},"end":{"line":91,"column":73}},{"start":{"line":91,"column":77},"end":{"line":99,"column":9}}]},"10":{"line":102,"type":"binary-expr","locations":[{"start":{"line":102,"column":18},"end":{"line":102,"column":32}},{"start":{"line":103,"column":12},"end":{"line":103,"column":53}},{"start":{"line":104,"column":12},"end":{"line":104,"column":61}}]},"11":{"line":112,"type":"binary-expr","locations":[{"start":{"line":112,"column":45},"end":{"line":112,"column":79},"skip":true},{"start":{"line":112,"column":83},"end":{"line":121,"column":9},"skip":true}]},"12":{"line":123,"type":"binary-expr","locations":[{"start":{"line":123,"column":42},"end":{"line":123,"column":73},"skip":true},{"start":{"line":123,"column":77},"end":{"line":136,"column":9},"skip":true}]},"13":{"line":138,"type":"binary-expr","locations":[{"start":{"line":138,"column":48},"end":{"line":138,"column":85},"skip":true},{"start":{"line":139,"column":12},"end":{"line":145,"column":13},"skip":true}]},"14":{"line":147,"type":"binary-expr","locations":[{"start":{"line":147,"column":42},"end":{"line":147,"column":73},"skip":true},{"start":{"line":147,"column":77},"end":{"line":156,"column":9},"skip":true}]},"15":{"line":158,"type":"binary-expr","locations":[{"start":{"line":158,"column":45},"end":{"line":158,"column":79},"skip":true},{"start":{"line":158,"column":83},"end":{"line":167,"column":9},"skip":true}]},"16":{"line":169,"type":"binary-expr","locations":[{"start":{"line":169,"column":43},"end":{"line":169,"column":75},"skip":true},{"start":{"line":169,"column":79},"end":{"line":178,"column":9},"skip":true}]},"17":{"line":180,"type":"binary-expr","locations":[{"start":{"line":180,"column":41},"end":{"line":180,"column":71},"skip":true},{"start":{"line":180,"column":75},"end":{"line":189,"column":9},"skip":true}]}},"code":["/* istanbul instrument in package npmtest_bitcoinjs_lib */","/*jslint","    bitwise: true,","    browser: true,","    maxerr: 8,","    maxlen: 96,","    node: true,","    nomen: true,","    regexp: true,","    stupid: true","*/","(function () {","    'use strict';","    var local;","","","","    // run shared js-env code - pre-init","    (function () {","        // init local","        local = {};","        // init modeJs","        local.modeJs = (function () {","            try {","                return typeof navigator.userAgent === 'string' &&","                    typeof document.querySelector('body') === 'object' &&","                    typeof XMLHttpRequest.prototype.open === 'function' &&","                    'browser';","            } catch (errorCaughtBrowser) {","                return module.exports &&","                    typeof process.versions.node === 'string' &&","                    typeof require('http').createServer === 'function' &&","                    'node';","            }","        }());","        // init global","        local.global = local.modeJs === 'browser'","            ? window","            : global;","        switch (local.modeJs) {","        // re-init local from window.local","        case 'browser':","            local = local.global.utility2.objectSetDefault(","                local.global.utility2_rollup || local.global.local,","                local.global.utility2","            );","            break;","        // re-init local from example.js","        case 'node':","            local = (local.global.utility2_rollup || require('utility2'))","                .requireReadme();","            break;","        }","        // export local","        local.global.local = local;","    }());","","","","    // run shared js-env code - function","    (function () {","        return;","    }());","    switch (local.modeJs) {","","","","    // run browser js-env code - function","    case 'browser':","        break;","","","","    // run node js-env code - function","    case 'node':","        break;","    }","","","","    // run shared js-env code - post-init","    (function () {","        return;","    }());","    switch (local.modeJs) {","","","","    // run browser js-env code - post-init","    case 'browser':","        local.testCase_browser_nullCase = local.testCase_browser_nullCase || function (","            options,","            onError","        ) {","        /*","         * this function will test browsers's null-case handling-behavior-behavior","         */","            onError(null, options);","        };","","        // run tests","        local.nop(local.modeTest &&","            document.querySelector('#testRunButton1') &&","            document.querySelector('#testRunButton1').click());","        break;","","","","    // run node js-env code - post-init","    /* istanbul ignore next */","    case 'node':","        local.testCase_buildApidoc_default = local.testCase_buildApidoc_default || function (","            options,","            onError","        ) {","        /*","         * this function will test buildApidoc's default handling-behavior-behavior","         */","            options = { modulePathList: module.paths };","            local.buildApidoc(options, onError);","        };","","        local.testCase_buildApp_default = local.testCase_buildApp_default || function (","            options,","            onError","        ) {","        /*","         * this function will test buildApp's default handling-behavior-behavior","         */","            local.testCase_buildReadme_default(options, local.onErrorThrow);","            local.testCase_buildLib_default(options, local.onErrorThrow);","            local.testCase_buildTest_default(options, local.onErrorThrow);","            local.testCase_buildCustomOrg_default(options, local.onErrorThrow);","            options = [];","            local.buildApp(options, onError);","        };","","        local.testCase_buildCustomOrg_default = local.testCase_buildCustomOrg_default ||","            function (options, onError) {","            /*","             * this function will test buildCustomOrg's default handling-behavior","             */","                options = {};","                local.buildCustomOrg(options, onError);","            };","","        local.testCase_buildLib_default = local.testCase_buildLib_default || function (","            options,","            onError","        ) {","        /*","         * this function will test buildLib's default handling-behavior","         */","            options = {};","            local.buildLib(options, onError);","        };","","        local.testCase_buildReadme_default = local.testCase_buildReadme_default || function (","            options,","            onError","        ) {","        /*","         * this function will test buildReadme's default handling-behavior-behavior","         */","            options = {};","            local.buildReadme(options, onError);","        };","","        local.testCase_buildTest_default = local.testCase_buildTest_default || function (","            options,","            onError","        ) {","        /*","         * this function will test buildTest's default handling-behavior","         */","            options = {};","            local.buildTest(options, onError);","        };","","        local.testCase_webpage_default = local.testCase_webpage_default || function (","            options,","            onError","        ) {","        /*","         * this function will test webpage's default handling-behavior","         */","            options = { modeCoverageMerge: true, url: local.serverLocalHost + '?modeTest=1' };","            local.browserTest(options, onError);","        };","","        // run test-server","        local.testRunServer(local);","        break;","    }","}());",""],"l":{"12":2,"14":2,"19":2,"21":2,"23":2,"24":2,"25":2,"30":1,"37":2,"40":2,"43":1,"47":1,"50":1,"52":1,"55":2,"61":2,"62":2,"64":2,"70":1,"76":1,"82":2,"83":2,"85":2,"91":1,"98":1,"102":1,"105":1,"112":1,"119":1,"120":1,"123":1,"130":1,"131":1,"132":1,"133":1,"134":1,"135":1,"138":1,"143":2,"144":2,"147":1,"154":2,"155":2,"158":1,"165":2,"166":2,"169":1,"176":2,"177":2,"180":1,"187":1,"188":1,"192":1,"193":1}},"/home/travis/build/npmtest/node-npmtest-bitcoinjs-lib/lib.npmtest_bitcoinjs_lib.js":{"path":"/home/travis/build/npmtest/node-npmtest-bitcoinjs-lib/lib.npmtest_bitcoinjs_lib.js","s":{"1":2,"2":2,"3":2,"4":2,"5":2,"6":2,"7":2,"8":1,"9":2,"10":2,"11":2,"12":2,"13":1,"14":1,"15":1,"16":1},"b":{"1":[2,1,1,1],"2":[1,1,1,1],"3":[1,1],"4":[2,2],"5":[1,1]},"f":{"1":2,"2":2,"3":2},"fnMap":{"1":{"name":"(anonymous_1)","line":12,"loc":{"start":{"line":12,"column":1},"end":{"line":12,"column":13}}},"2":{"name":"(anonymous_2)","line":19,"loc":{"start":{"line":19,"column":5},"end":{"line":19,"column":17}}},"3":{"name":"(anonymous_3)","line":23,"loc":{"start":{"line":23,"column":24},"end":{"line":23,"column":36}}}},"statementMap":{"1":{"start":{"line":12,"column":0},"end":{"line":53,"column":5}},"2":{"start":{"line":14,"column":4},"end":{"line":14,"column":14}},"3":{"start":{"line":19,"column":4},"end":{"line":52,"column":9}},"4":{"start":{"line":21,"column":8},"end":{"line":21,"column":19}},"5":{"start":{"line":23,"column":8},"end":{"line":35,"column":13}},"6":{"start":{"line":24,"column":12},"end":{"line":34,"column":13}},"7":{"start":{"line":25,"column":16},"end":{"line":28,"column":30}},"8":{"start":{"line":30,"column":16},"end":{"line":33,"column":27}},"9":{"start":{"line":37,"column":8},"end":{"line":39,"column":21}},"10":{"start":{"line":41,"column":8},"end":{"line":41,"column":54}},"11":{"start":{"line":43,"column":8},"end":{"line":43,"column":58}},"12":{"start":{"line":45,"column":8},"end":{"line":51,"column":9}},"13":{"start":{"line":46,"column":12},"end":{"line":46,"column":64}},"14":{"start":{"line":48,"column":12},"end":{"line":48,"column":35}},"15":{"start":{"line":49,"column":12},"end":{"line":49,"column":49}},"16":{"start":{"line":50,"column":12},"end":{"line":50,"column":43}}},"branchMap":{"1":{"line":25,"type":"binary-expr","locations":[{"start":{"line":25,"column":23},"end":{"line":25,"column":62}},{"start":{"line":26,"column":20},"end":{"line":26,"column":70}},{"start":{"line":27,"column":20},"end":{"line":27,"column":71}},{"start":{"line":28,"column":20},"end":{"line":28,"column":29}}]},"2":{"line":30,"type":"binary-expr","locations":[{"start":{"line":30,"column":23},"end":{"line":30,"column":37}},{"start":{"line":31,"column":20},"end":{"line":31,"column":61}},{"start":{"line":32,"column":20},"end":{"line":32,"column":70}},{"start":{"line":33,"column":20},"end":{"line":33,"column":26}}]},"3":{"line":37,"type":"cond-expr","locations":[{"start":{"line":38,"column":14},"end":{"line":38,"column":20}},{"start":{"line":39,"column":14},"end":{"line":39,"column":20}}]},"4":{"line":41,"type":"binary-expr","locations":[{"start":{"line":41,"column":16},"end":{"line":41,"column":44}},{"start":{"line":41,"column":48},"end":{"line":41,"column":53}}]},"5":{"line":45,"type":"if","locations":[{"start":{"line":45,"column":8},"end":{"line":45,"column":8}},{"start":{"line":45,"column":8},"end":{"line":45,"column":8}}]}},"code":["/* istanbul instrument in package npmtest_bitcoinjs_lib */","/*jslint","    bitwise: true,","    browser: true,","    maxerr: 8,","    maxlen: 96,","    node: true,","    nomen: true,","    regexp: true,","    stupid: true","*/","(function () {","    'use strict';","    var local;","","","","    // run shared js-env code - pre-init","    (function () {","        // init local","        local = {};","        // init modeJs","        local.modeJs = (function () {","            try {","                return typeof navigator.userAgent === 'string' &&","                    typeof document.querySelector('body') === 'object' &&","                    typeof XMLHttpRequest.prototype.open === 'function' &&","                    'browser';","            } catch (errorCaughtBrowser) {","                return module.exports &&","                    typeof process.versions.node === 'string' &&","                    typeof require('http').createServer === 'function' &&","                    'node';","            }","        }());","        // init global","        local.global = local.modeJs === 'browser'","            ? window","            : global;","        // init utility2_rollup","        local = local.global.utility2_rollup || local;","        // init lib","        local.local = local.npmtest_bitcoinjs_lib = local;","        // init exports","        if (local.modeJs === 'browser') {","            local.global.utility2_npmtest_bitcoinjs_lib = local;","        } else {","            module.exports = local;","            module.exports.__dirname = __dirname;","            module.exports.module = module;","        }","    }());","}());",""],"l":{"12":2,"14":2,"19":2,"21":2,"23":2,"24":2,"25":2,"30":1,"37":2,"41":2,"43":2,"45":2,"46":1,"48":1,"49":1,"50":1}},"/home/travis/build/npmtest/node-npmtest-bitcoinjs-lib/example.js":{"path":"/home/travis/build/npmtest/node-npmtest-bitcoinjs-lib/example.js","s":{"1":2,"2":2,"3":2,"4":2,"5":2,"6":2,"7":2,"8":1,"9":2,"10":2,"11":2,"12":2,"13":1,"14":2,"15":2,"16":2,"17":2,"18":2,"19":0,"20":2,"21":1,"22":1,"23":1,"24":1,"25":1,"26":0,"27":0,"28":1,"29":1,"30":2,"31":0,"32":0,"33":0,"34":1,"35":2,"36":2,"37":3,"38":3,"39":3,"40":3,"41":0,"42":3,"43":3,"44":3,"45":1,"46":3,"47":1,"48":1,"49":1,"50":1,"51":1,"52":1,"53":1,"54":1,"55":1,"56":1,"57":0,"58":1,"59":6,"60":6,"61":1,"62":2,"63":0,"64":2,"65":1,"66":1,"67":0,"68":0,"69":0,"70":0,"71":0,"72":0,"73":0,"74":0,"75":0,"76":0,"77":0,"78":0,"79":0,"80":0,"81":0,"82":0,"83":0},"b":{"1":[2,1,1,1],"2":[1,1,1,1],"3":[1,1],"4":[2,2],"5":[1,1],"6":[1,1],"7":[2,0],"8":[2,1,1,1,1,1],"9":[0,2,0],"10":[1,1],"11":[2,1,1],"12":[1,0],"13":[0,2],"14":[2,0,0,0,0,0,0],"15":[0,3],"16":[3,0],"17":[1,1],"18":[0,1],"19":[1,2,0,2],"20":[1,0],"21":[1,1],"22":[0,0],"23":[0,0],"24":[0,0],"25":[0,0],"26":[0,0],"27":[0,0],"28":[0,0]},"f":{"1":2,"2":2,"3":2,"4":2,"5":2,"6":2,"7":3,"8":3,"9":3,"10":1,"11":6,"12":0},"fnMap":{"1":{"name":"(anonymous_1)","line":26,"loc":{"start":{"line":26,"column":1},"end":{"line":26,"column":13}}},"2":{"name":"(anonymous_2)","line":33,"loc":{"start":{"line":33,"column":5},"end":{"line":33,"column":17}}},"3":{"name":"(anonymous_3)","line":37,"loc":{"start":{"line":37,"column":24},"end":{"line":37,"column":36}}},"4":{"name":"(anonymous_4)","line":69,"loc":{"start":{"line":69,"column":31},"end":{"line":69,"column":48}},"skip":true},"5":{"name":"(anonymous_5)","line":78,"loc":{"start":{"line":78,"column":26},"end":{"line":78,"column":45}},"skip":true},"6":{"name":"(anonymous_6)","line":123,"loc":{"start":{"line":123,"column":33},"end":{"line":123,"column":48}},"skip":true},"7":{"name":"(anonymous_7)","line":125,"loc":{"start":{"line":125,"column":27},"end":{"line":125,"column":39}},"skip":true},"8":{"name":"(anonymous_8)","line":133,"loc":{"start":{"line":133,"column":59},"end":{"line":133,"column":74}},"skip":true},"9":{"name":"(anonymous_9)","line":143,"loc":{"start":{"line":143,"column":45},"end":{"line":143,"column":62}},"skip":true},"10":{"name":"(anonymous_10)","line":144,"loc":{"start":{"line":144,"column":73},"end":{"line":144,"column":92}},"skip":true},"11":{"name":"(anonymous_11)","line":272,"loc":{"start":{"line":272,"column":51},"end":{"line":272,"column":77}},"skip":true},"12":{"name":"(anonymous_12)","line":315,"loc":{"start":{"line":315,"column":32},"end":{"line":315,"column":61}},"skip":true}},"statementMap":{"1":{"start":{"line":26,"column":0},"end":{"line":326,"column":5}},"2":{"start":{"line":28,"column":4},"end":{"line":28,"column":14}},"3":{"start":{"line":33,"column":4},"end":{"line":60,"column":9}},"4":{"start":{"line":35,"column":8},"end":{"line":35,"column":19}},"5":{"start":{"line":37,"column":8},"end":{"line":49,"column":13}},"6":{"start":{"line":38,"column":12},"end":{"line":48,"column":13}},"7":{"start":{"line":39,"column":16},"end":{"line":42,"column":30}},"8":{"start":{"line":44,"column":16},"end":{"line":47,"column":27}},"9":{"start":{"line":51,"column":8},"end":{"line":53,"column":21}},"10":{"start":{"line":55,"column":8},"end":{"line":57,"column":45}},"11":{"start":{"line":59,"column":8},"end":{"line":59,"column":35}},"12":{"start":{"line":61,"column":4},"end":{"line":325,"column":5}},"13":{"start":{"line":69,"column":8},"end":{"line":121,"column":10},"skip":true},"14":{"start":{"line":70,"column":12},"end":{"line":88,"column":13},"skip":true},"15":{"start":{"line":76,"column":16},"end":{"line":87,"column":19},"skip":true},"16":{"start":{"line":79,"column":20},"end":{"line":86,"column":21},"skip":true},"17":{"start":{"line":82,"column":24},"end":{"line":82,"column":43},"skip":true},"18":{"start":{"line":83,"column":24},"end":{"line":83,"column":30},"skip":true},"19":{"start":{"line":85,"column":24},"end":{"line":85,"column":49},"skip":true},"20":{"start":{"line":89,"column":12},"end":{"line":107,"column":13},"skip":true},"21":{"start":{"line":92,"column":16},"end":{"line":102,"column":17},"skip":true},"22":{"start":{"line":93,"column":20},"end":{"line":93,"column":86},"skip":true},"23":{"start":{"line":94,"column":20},"end":{"line":95,"column":45},"skip":true},"24":{"start":{"line":96,"column":20},"end":{"line":96,"column":42},"skip":true},"25":{"start":{"line":97,"column":20},"end":{"line":97,"column":48},"skip":true},"26":{"start":{"line":100,"column":20},"end":{"line":100,"column":85},"skip":true},"27":{"start":{"line":101,"column":20},"end":{"line":101,"column":96},"skip":true},"28":{"start":{"line":103,"column":16},"end":{"line":103,"column":22},"skip":true},"29":{"start":{"line":106,"column":16},"end":{"line":106,"column":22},"skip":true},"30":{"start":{"line":108,"column":12},"end":{"line":120,"column":13},"skip":true},"31":{"start":{"line":114,"column":16},"end":{"line":119,"column":17},"skip":true},"32":{"start":{"line":116,"column":20},"end":{"line":116,"column":78},"skip":true},"33":{"start":{"line":118,"column":20},"end":{"line":118,"column":47},"skip":true},"34":{"start":{"line":123,"column":8},"end":{"line":141,"column":11},"skip":true},"35":{"start":{"line":124,"column":12},"end":{"line":124,"column":54},"skip":true},"36":{"start":{"line":125,"column":12},"end":{"line":140,"column":14},"skip":true},"37":{"start":{"line":126,"column":16},"end":{"line":126,"column":28},"skip":true},"38":{"start":{"line":127,"column":16},"end":{"line":127,"column":69},"skip":true},"39":{"start":{"line":128,"column":16},"end":{"line":128,"column":75},"skip":true},"40":{"start":{"line":129,"column":16},"end":{"line":131,"column":17},"skip":true},"41":{"start":{"line":130,"column":20},"end":{"line":130,"column":27},"skip":true},"42":{"start":{"line":133,"column":16},"end":{"line":137,"column":36},"skip":true},"43":{"start":{"line":134,"column":20},"end":{"line":136,"column":55},"skip":true},"44":{"start":{"line":139,"column":16},"end":{"line":139,"column":57},"skip":true},"45":{"start":{"line":143,"column":8},"end":{"line":147,"column":11},"skip":true},"46":{"start":{"line":144,"column":12},"end":{"line":146,"column":15},"skip":true},"47":{"start":{"line":145,"column":16},"end":{"line":145,"column":70},"skip":true},"48":{"start":{"line":149,"column":8},"end":{"line":149,"column":31},"skip":true},"49":{"start":{"line":150,"column":8},"end":{"line":150,"column":14},"skip":true},"50":{"start":{"line":158,"column":8},"end":{"line":158,"column":31},"skip":true},"51":{"start":{"line":160,"column":8},"end":{"line":160,"column":33},"skip":true},"52":{"start":{"line":161,"column":8},"end":{"line":161,"column":37},"skip":true},"53":{"start":{"line":162,"column":8},"end":{"line":162,"column":35},"skip":true},"54":{"start":{"line":164,"column":8},"end":{"line":164,"column":50},"skip":true},"55":{"start":{"line":166,"column":8},"end":{"line":256,"column":2},"skip":true},"56":{"start":{"line":258,"column":8},"end":{"line":286,"column":9},"skip":true},"57":{"start":{"line":259,"column":12},"end":{"line":269,"column":14},"skip":true},"58":{"start":{"line":271,"column":12},"end":{"line":285,"column":19},"skip":true},"59":{"start":{"line":274,"column":20},"end":{"line":274,"column":35},"skip":true},"60":{"start":{"line":275,"column":20},"end":{"line":284,"column":21},"skip":true},"61":{"start":{"line":277,"column":24},"end":{"line":277,"column":64},"skip":true},"62":{"start":{"line":279,"column":24},"end":{"line":279,"column":40},"skip":true},"63":{"start":{"line":281,"column":24},"end":{"line":281,"column":40},"skip":true},"64":{"start":{"line":283,"column":24},"end":{"line":283,"column":39},"skip":true},"65":{"start":{"line":288,"column":8},"end":{"line":290,"column":9},"skip":true},"66":{"start":{"line":289,"column":12},"end":{"line":289,"column":18},"skip":true},"67":{"start":{"line":291,"column":8},"end":{"line":293,"column":54},"skip":true},"68":{"start":{"line":296,"column":8},"end":{"line":301,"column":37},"skip":true},"69":{"start":{"line":303,"column":8},"end":{"line":303,"column":82},"skip":true},"70":{"start":{"line":306,"column":8},"end":{"line":308,"column":9},"skip":true},"71":{"start":{"line":307,"column":12},"end":{"line":307,"column":82},"skip":true},"72":{"start":{"line":310,"column":8},"end":{"line":312,"column":9},"skip":true},"73":{"start":{"line":311,"column":12},"end":{"line":311,"column":18},"skip":true},"74":{"start":{"line":313,"column":8},"end":{"line":313,"column":54},"skip":true},"75":{"start":{"line":314,"column":8},"end":{"line":314,"column":69},"skip":true},"76":{"start":{"line":315,"column":8},"end":{"line":323,"column":36},"skip":true},"77":{"start":{"line":316,"column":12},"end":{"line":316,"column":61},"skip":true},"78":{"start":{"line":317,"column":12},"end":{"line":320,"column":13},"skip":true},"79":{"start":{"line":318,"column":16},"end":{"line":318,"column":75},"skip":true},"80":{"start":{"line":319,"column":16},"end":{"line":319,"column":23},"skip":true},"81":{"start":{"line":321,"column":12},"end":{"line":321,"column":38},"skip":true},"82":{"start":{"line":322,"column":12},"end":{"line":322,"column":27},"skip":true},"83":{"start":{"line":324,"column":8},"end":{"line":324,"column":14},"skip":true}},"branchMap":{"1":{"line":39,"type":"binary-expr","locations":[{"start":{"line":39,"column":23},"end":{"line":39,"column":62}},{"start":{"line":40,"column":20},"end":{"line":40,"column":70}},{"start":{"line":41,"column":20},"end":{"line":41,"column":71}},{"start":{"line":42,"column":20},"end":{"line":42,"column":29}}]},"2":{"line":44,"type":"binary-expr","locations":[{"start":{"line":44,"column":23},"end":{"line":44,"column":37}},{"start":{"line":45,"column":20},"end":{"line":45,"column":61}},{"start":{"line":46,"column":20},"end":{"line":46,"column":70}},{"start":{"line":47,"column":20},"end":{"line":47,"column":26}}]},"3":{"line":51,"type":"cond-expr","locations":[{"start":{"line":52,"column":14},"end":{"line":52,"column":20}},{"start":{"line":53,"column":14},"end":{"line":53,"column":20}}]},"4":{"line":55,"type":"binary-expr","locations":[{"start":{"line":55,"column":16},"end":{"line":55,"column":44}},{"start":{"line":55,"column":49},"end":{"line":57,"column":43}}]},"5":{"line":55,"type":"cond-expr","locations":[{"start":{"line":56,"column":14},"end":{"line":56,"column":57}},{"start":{"line":57,"column":14},"end":{"line":57,"column":43}}]},"6":{"line":61,"type":"switch","locations":[{"start":{"line":68,"column":4},"end":{"line":150,"column":14},"skip":true},{"start":{"line":156,"column":4},"end":{"line":324,"column":14},"skip":true}]},"7":{"line":70,"type":"if","locations":[{"start":{"line":70,"column":12},"end":{"line":70,"column":12},"skip":true},{"start":{"line":70,"column":12},"end":{"line":70,"column":12},"skip":true}]},"8":{"line":70,"type":"binary-expr","locations":[{"start":{"line":70,"column":16},"end":{"line":70,"column":22},"skip":true},{"start":{"line":70,"column":27},"end":{"line":70,"column":32},"skip":true},{"start":{"line":71,"column":20},"end":{"line":71,"column":39},"skip":true},{"start":{"line":72,"column":20},"end":{"line":72,"column":49},"skip":true},{"start":{"line":73,"column":20},"end":{"line":73,"column":58},"skip":true},{"start":{"line":74,"column":20},"end":{"line":74,"column":69},"skip":true}]},"9":{"line":79,"type":"switch","locations":[{"start":{"line":80,"column":20},"end":{"line":80,"column":33},"skip":true},{"start":{"line":81,"column":20},"end":{"line":83,"column":30},"skip":true},{"start":{"line":84,"column":20},"end":{"line":85,"column":49},"skip":true}]},"10":{"line":89,"type":"switch","locations":[{"start":{"line":90,"column":12},"end":{"line":103,"column":22},"skip":true},{"start":{"line":105,"column":12},"end":{"line":106,"column":22},"skip":true}]},"11":{"line":89,"type":"binary-expr","locations":[{"start":{"line":89,"column":20},"end":{"line":89,"column":25},"skip":true},{"start":{"line":89,"column":29},"end":{"line":89,"column":48},"skip":true},{"start":{"line":89,"column":52},"end":{"line":89,"column":74},"skip":true}]},"12":{"line":92,"type":"if","locations":[{"start":{"line":92,"column":16},"end":{"line":92,"column":16},"skip":true},{"start":{"line":92,"column":16},"end":{"line":92,"column":16},"skip":true}]},"13":{"line":108,"type":"if","locations":[{"start":{"line":108,"column":12},"end":{"line":108,"column":12},"skip":true},{"start":{"line":108,"column":12},"end":{"line":108,"column":12},"skip":true}]},"14":{"line":108,"type":"binary-expr","locations":[{"start":{"line":108,"column":16},"end":{"line":108,"column":61},"skip":true},{"start":{"line":108,"column":66},"end":{"line":108,"column":72},"skip":true},{"start":{"line":108,"column":77},"end":{"line":108,"column":82},"skip":true},{"start":{"line":109,"column":20},"end":{"line":109,"column":39},"skip":true},{"start":{"line":110,"column":20},"end":{"line":110,"column":49},"skip":true},{"start":{"line":111,"column":20},"end":{"line":111,"column":58},"skip":true},{"start":{"line":112,"column":20},"end":{"line":112,"column":68},"skip":true}]},"15":{"line":129,"type":"if","locations":[{"start":{"line":129,"column":16},"end":{"line":129,"column":16},"skip":true},{"start":{"line":129,"column":16},"end":{"line":129,"column":16},"skip":true}]},"16":{"line":134,"type":"cond-expr","locations":[{"start":{"line":135,"column":26},"end":{"line":135,"column":29},"skip":true},{"start":{"line":136,"column":26},"end":{"line":136,"column":54},"skip":true}]},"17":{"line":164,"type":"binary-expr","locations":[{"start":{"line":164,"column":27},"end":{"line":164,"column":43},"skip":true},{"start":{"line":164,"column":47},"end":{"line":164,"column":49},"skip":true}]},"18":{"line":258,"type":"if","locations":[{"start":{"line":258,"column":8},"end":{"line":258,"column":8},"skip":true},{"start":{"line":258,"column":8},"end":{"line":258,"column":8},"skip":true}]},"19":{"line":275,"type":"switch","locations":[{"start":{"line":276,"column":20},"end":{"line":277,"column":64},"skip":true},{"start":{"line":278,"column":20},"end":{"line":279,"column":40},"skip":true},{"start":{"line":280,"column":20},"end":{"line":281,"column":40},"skip":true},{"start":{"line":282,"column":20},"end":{"line":283,"column":39},"skip":true}]},"20":{"line":288,"type":"if","locations":[{"start":{"line":288,"column":8},"end":{"line":288,"column":8},"skip":true},{"start":{"line":288,"column":8},"end":{"line":288,"column":8},"skip":true}]},"21":{"line":288,"type":"binary-expr","locations":[{"start":{"line":288,"column":12},"end":{"line":288,"column":40},"skip":true},{"start":{"line":288,"column":44},"end":{"line":288,"column":67},"skip":true}]},"22":{"line":292,"type":"binary-expr","locations":[{"start":{"line":292,"column":12},"end":{"line":292,"column":50},"skip":true},{"start":{"line":293,"column":12},"end":{"line":293,"column":53},"skip":true}]},"23":{"line":297,"type":"binary-expr","locations":[{"start":{"line":297,"column":12},"end":{"line":297,"column":71},"skip":true},{"start":{"line":298,"column":12},"end":{"line":301,"column":36},"skip":true}]},"24":{"line":303,"type":"binary-expr","locations":[{"start":{"line":303,"column":43},"end":{"line":303,"column":75},"skip":true},{"start":{"line":303,"column":79},"end":{"line":303,"column":81},"skip":true}]},"25":{"line":306,"type":"if","locations":[{"start":{"line":306,"column":8},"end":{"line":306,"column":8},"skip":true},{"start":{"line":306,"column":8},"end":{"line":306,"column":8},"skip":true}]},"26":{"line":310,"type":"if","locations":[{"start":{"line":310,"column":8},"end":{"line":310,"column":8},"skip":true},{"start":{"line":310,"column":8},"end":{"line":310,"column":8},"skip":true}]},"27":{"line":313,"type":"binary-expr","locations":[{"start":{"line":313,"column":27},"end":{"line":313,"column":43},"skip":true},{"start":{"line":313,"column":47},"end":{"line":313,"column":53},"skip":true}]},"28":{"line":317,"type":"if","locations":[{"start":{"line":317,"column":12},"end":{"line":317,"column":12},"skip":true},{"start":{"line":317,"column":12},"end":{"line":317,"column":12},"skip":true}]}},"code":["/*","example.js","","quickstart example","","instruction","    1. save this script as example.js","    2. run the shell command:","        $ npm install npmtest-bitcoinjs-lib && PORT=8081 node example.js","    3. play with the browser-demo on http://127.0.0.1:8081","*/","","","","/* istanbul instrument in package npmtest_bitcoinjs_lib */","/*jslint","    bitwise: true,","    browser: true,","    maxerr: 8,","    maxlen: 96,","    node: true,","    nomen: true,","    regexp: true,","    stupid: true","*/","(function () {","    'use strict';","    var local;","","","","    // run shared js-env code - pre-init","    (function () {","        // init local","        local = {};","        // init modeJs","        local.modeJs = (function () {","            try {","                return typeof navigator.userAgent === 'string' &&","                    typeof document.querySelector('body') === 'object' &&","                    typeof XMLHttpRequest.prototype.open === 'function' &&","                    'browser';","            } catch (errorCaughtBrowser) {","                return module.exports &&","                    typeof process.versions.node === 'string' &&","                    typeof require('http').createServer === 'function' &&","                    'node';","            }","        }());","        // init global","        local.global = local.modeJs === 'browser'","            ? window","            : global;","        // init utility2_rollup","        local = local.global.utility2_rollup || (local.modeJs === 'browser'","            ? local.global.utility2_npmtest_bitcoinjs_lib","            : global.utility2_moduleExports);","        // export local","        local.global.local = local;","    }());","    switch (local.modeJs) {","","","","    // post-init","    // run browser js-env code - post-init","    /* istanbul ignore next */","    case 'browser':","        local.testRunBrowser = function (event) {","            if (!event || (event &&","                    event.currentTarget &&","                    event.currentTarget.className &&","                    event.currentTarget.className.includes &&","                    event.currentTarget.className.includes('onreset'))) {","                // reset output","                Array.from(","                    document.querySelectorAll('body > .resettable')","                ).forEach(function (element) {","                    switch (element.tagName) {","                    case 'INPUT':","                    case 'TEXTAREA':","                        element.value = '';","                        break;","                    default:","                        element.textContent = '';","                    }","                });","            }","            switch (event && event.currentTarget && event.currentTarget.id) {","            case 'testRunButton1':","                // show tests","                if (document.querySelector('#testReportDiv1').style.display === 'none') {","                    document.querySelector('#testReportDiv1').style.display = 'block';","                    document.querySelector('#testRunButton1').textContent =","                        'hide internal test';","                    local.modeTest = true;","                    local.testRunDefault(local);","                // hide tests","                } else {","                    document.querySelector('#testReportDiv1').style.display = 'none';","                    document.querySelector('#testRunButton1').textContent = 'run internal test';","                }","                break;","            // custom-case","            default:","                break;","            }","            if (document.querySelector('#inputTextareaEval1') && (!event || (event &&","                    event.currentTarget &&","                    event.currentTarget.className &&","                    event.currentTarget.className.includes &&","                    event.currentTarget.className.includes('oneval')))) {","                // try to eval input-code","                try {","                    /*jslint evil: true*/","                    eval(document.querySelector('#inputTextareaEval1').value);","                } catch (errorCaught) {","                    console.error(errorCaught);","                }","            }","        };","        // log stderr and stdout to #outputTextareaStdout1","        ['error', 'log'].forEach(function (key) {","            console[key + '_original'] = console[key];","            console[key] = function () {","                var element;","                console[key + '_original'].apply(console, arguments);","                element = document.querySelector('#outputTextareaStdout1');","                if (!element) {","                    return;","                }","                // append text to #outputTextareaStdout1","                element.value += Array.from(arguments).map(function (arg) {","                    return typeof arg === 'string'","                        ? arg","                        : JSON.stringify(arg, null, 4);","                }).join(' ') + '\\n';","                // scroll textarea to bottom","                element.scrollTop = element.scrollHeight;","            };","        });","        // init event-handling","        ['change', 'click', 'keyup'].forEach(function (event) {","            Array.from(document.querySelectorAll('.on' + event)).forEach(function (element) {","                element.addEventListener(event, local.testRunBrowser);","            });","        });","        // run tests","        local.testRunBrowser();","        break;","","","","    // run node js-env code - post-init","    /* istanbul ignore next */","    case 'node':","        // export local","        module.exports = local;","        // require modules","        local.fs = require('fs');","        local.http = require('http');","        local.url = require('url');","        // init assets","        local.assetsDict = local.assetsDict || {};","        /* jslint-ignore-begin */","        local.assetsDict['/assets.index.template.html'] = '\\","<!doctype html>\\n\\","<html lang=\"en\">\\n\\","<head>\\n\\","<meta charset=\"UTF-8\">\\n\\","<meta name=\"viewport\" content=\"width=device-width, initial-scale=1\">\\n\\","<title>{{env.npm_package_name}} (v{{env.npm_package_version}})</title>\\n\\","<style>\\n\\","/*csslint\\n\\","    box-sizing: false,\\n\\","    universal-selector: false\\n\\","*/\\n\\","* {\\n\\","    box-sizing: border-box;\\n\\","}\\n\\","body {\\n\\","    background: #dde;\\n\\","    font-family: Arial, Helvetica, sans-serif;\\n\\","    margin: 2rem;\\n\\","}\\n\\","body > * {\\n\\","    margin-bottom: 1rem;\\n\\","}\\n\\",".utility2FooterDiv {\\n\\","    margin-top: 20px;\\n\\","    text-align: center;\\n\\","}\\n\\","</style>\\n\\","<style>\\n\\","/*csslint\\n\\","*/\\n\\","textarea {\\n\\","    font-family: monospace;\\n\\","    height: 10rem;\\n\\","    width: 100%;\\n\\","}\\n\\","textarea[readonly] {\\n\\","    background: #ddd;\\n\\","}\\n\\","</style>\\n\\","</head>\\n\\","<body>\\n\\","<!-- utility2-comment\\n\\","<div id=\"ajaxProgressDiv1\" style=\"background: #d00; height: 2px; left: 0; margin: 0; padding: 0; position: fixed; top: 0; transition: background 0.5s, width 1.5s; width: 25%;\"></div>\\n\\","utility2-comment -->\\n\\","<h1>\\n\\","<!-- utility2-comment\\n\\","    <a\\n\\","        {{#if env.npm_package_homepage}}\\n\\","        href=\"{{env.npm_package_homepage}}\"\\n\\","        {{/if env.npm_package_homepage}}\\n\\","        target=\"_blank\"\\n\\","    >\\n\\","utility2-comment -->\\n\\","        {{env.npm_package_name}} (v{{env.npm_package_version}})\\n\\","<!-- utility2-comment\\n\\","    </a>\\n\\","utility2-comment -->\\n\\","</h1>\\n\\","<h3>{{env.npm_package_description}}</h3>\\n\\","<!-- utility2-comment\\n\\","<h4><a download href=\"assets.app.js\">download standalone app</a></h4>\\n\\","<button class=\"onclick onreset\" id=\"testRunButton1\">run internal test</button><br>\\n\\","<div id=\"testReportDiv1\" style=\"display: none;\"></div>\\n\\","utility2-comment -->\\n\\","\\n\\","\\n\\","\\n\\","<label>stderr and stdout</label>\\n\\","<textarea class=\"resettable\" id=\"outputTextareaStdout1\" readonly></textarea>\\n\\","<!-- utility2-comment\\n\\","{{#if isRollup}}\\n\\","<script src=\"assets.app.js\"></script>\\n\\","{{#unless isRollup}}\\n\\","utility2-comment -->\\n\\","<script src=\"assets.utility2.rollup.js\"></script>\\n\\","<script src=\"jsonp.utility2._stateInit?callback=window.utility2._stateInit\"></script>\\n\\","<script src=\"assets.npmtest_bitcoinjs_lib.rollup.js\"></script>\\n\\","<script src=\"assets.example.js\"></script>\\n\\","<script src=\"assets.test.js\"></script>\\n\\","<!-- utility2-comment\\n\\","{{/if isRollup}}\\n\\","utility2-comment -->\\n\\","<div class=\"utility2FooterDiv\">\\n\\","    [ this app was created with\\n\\","    <a href=\"https://github.com/kaizhu256/node-utility2\" target=\"_blank\">utility2</a>\\n\\","    ]\\n\\","</div>\\n\\","</body>\\n\\","</html>\\n\\","';","        /* jslint-ignore-end */","        if (local.templateRender) {","            local.assetsDict['/'] = local.templateRender(","                local.assetsDict['/assets.index.template.html'],","                {","                    env: local.objectSetDefault(local.env, {","                        npm_package_description: 'the greatest app in the world!',","                        npm_package_name: 'my-app',","                        npm_package_nameAlias: 'my_app',","                        npm_package_version: '0.0.1'","                    })","                }","            );","        } else {","            local.assetsDict['/'] = local.assetsDict['/assets.index.template.html']","                .replace((/\\{\\{env\\.(\\w+?)\\}\\}/g), function (match0, match1) {","                    // jslint-hack","                    String(match0);","                    switch (match1) {","                    case 'npm_package_description':","                        return 'the greatest app in the world!';","                    case 'npm_package_name':","                        return 'my-app';","                    case 'npm_package_nameAlias':","                        return 'my_app';","                    case 'npm_package_version':","                        return '0.0.1';","                    }","                });","        }","        // run the cli","        if (local.global.utility2_rollup || module !== require.main) {","            break;","        }","        local.assetsDict['/assets.example.js'] =","            local.assetsDict['/assets.example.js'] ||","            local.fs.readFileSync(__filename, 'utf8');","        // bug-workaround - long $npm_package_buildCustomOrg","        /* jslint-ignore-begin */","        local.assetsDict['/assets.npmtest_bitcoinjs_lib.rollup.js'] =","            local.assetsDict['/assets.npmtest_bitcoinjs_lib.rollup.js'] ||","            local.fs.readFileSync(","                local.npmtest_bitcoinjs_lib.__dirname + '/lib.npmtest_bitcoinjs_lib.js',","                'utf8'","            ).replace((/^#!/), '//');","        /* jslint-ignore-end */","        local.assetsDict['/favicon.ico'] = local.assetsDict['/favicon.ico'] || '';","        // if $npm_config_timeout_exit exists,","        // then exit this process after $npm_config_timeout_exit ms","        if (Number(process.env.npm_config_timeout_exit)) {","            setTimeout(process.exit, Number(process.env.npm_config_timeout_exit));","        }","        // start server","        if (local.global.utility2_serverHttp1) {","            break;","        }","        process.env.PORT = process.env.PORT || '8081';","        console.error('server starting on port ' + process.env.PORT);","        local.http.createServer(function (request, response) {","            request.urlParsed = local.url.parse(request.url);","            if (local.assetsDict[request.urlParsed.pathname] !== undefined) {","                response.end(local.assetsDict[request.urlParsed.pathname]);","                return;","            }","            response.statusCode = 404;","            response.end();","        }).listen(process.env.PORT);","        break;","    }","}());",""],"l":{"26":2,"28":2,"33":2,"35":2,"37":2,"38":2,"39":2,"44":1,"51":2,"55":2,"59":2,"61":2,"69":1,"70":2,"76":2,"79":2,"82":2,"83":2,"85":1,"89":2,"92":1,"93":1,"94":1,"96":1,"97":1,"100":1,"101":1,"103":1,"106":1,"108":2,"114":1,"116":1,"118":1,"123":1,"124":2,"125":2,"126":3,"127":3,"128":3,"129":3,"130":1,"133":3,"134":3,"139":3,"143":1,"144":3,"145":1,"149":1,"150":1,"158":1,"160":1,"161":1,"162":1,"164":1,"166":1,"258":1,"259":1,"271":1,"274":6,"275":6,"277":1,"279":2,"281":1,"283":2,"288":1,"289":1,"291":1,"296":1,"303":1,"306":1,"307":1,"310":1,"311":1,"313":1,"314":1,"315":1,"316":1,"317":1,"318":1,"319":1,"321":1,"322":1,"324":1}},"/home/travis/build/npmtest/node-npmtest-bitcoinjs-lib/node_modules/bitcoinjs-lib/src/index.js":{"path":"/home/travis/build/npmtest/node-npmtest-bitcoinjs-lib/node_modules/bitcoinjs-lib/src/index.js","s":{"1":1},"b":{},"f":{},"fnMap":{},"statementMap":{"1":{"start":{"line":1,"column":0},"end":{"line":15,"column":1}}},"branchMap":{},"code":["module.exports = {","  Block: require('./block'),","  ECPair: require('./ecpair'),","  ECSignature: require('./ecsignature'),","  HDNode: require('./hdnode'),","  Transaction: require('./transaction'),","  TransactionBuilder: require('./transaction_builder'),","","  address: require('./address'),","  bufferutils: require('./bufferutils'), // TODO: remove in 4.0.0","  crypto: require('./crypto'),","  networks: require('./networks'),","  opcodes: require('bitcoin-ops'),","  script: require('./script')","}",""],"l":{"1":1}},"/home/travis/build/npmtest/node-npmtest-bitcoinjs-lib/node_modules/bitcoinjs-lib/src/block.js":{"path":"/home/travis/build/npmtest/node-npmtest-bitcoinjs-lib/node_modules/bitcoinjs-lib/src/block.js","s":{"1":1,"2":1,"3":1,"4":1,"5":1,"6":1,"7":1,"8":0,"9":0,"10":0,"11":0,"12":0,"13":0,"14":1,"15":0,"16":0,"17":0,"18":1,"19":0,"20":0,"21":1,"22":0,"23":0,"24":0,"25":1,"26":0,"27":0,"28":0,"29":0,"30":0,"31":0,"32":0,"33":0,"34":0,"35":0,"36":0,"37":0,"38":1,"39":0,"40":0,"41":0,"42":1,"43":0,"44":0,"45":0,"46":0,"47":0,"48":0,"49":0,"50":0,"51":0,"52":1,"53":0,"54":0,"55":0,"56":0,"57":1,"58":0,"59":1,"60":0,"61":1,"62":0,"63":1,"64":0,"65":0,"66":0,"67":1,"68":0,"69":0,"70":1,"71":0,"72":0,"73":1,"74":0,"75":0,"76":1,"77":0,"78":0,"79":0,"80":0,"81":0,"82":0,"83":0,"84":0,"85":0,"86":0,"87":0,"88":0,"89":0,"90":0,"91":0,"92":0,"93":0,"94":1,"95":0,"96":1,"97":0,"98":0,"99":0,"100":0,"101":0,"102":0,"103":1,"104":0,"105":0,"106":0,"107":0,"108":0,"109":0,"110":1,"111":0,"112":0,"113":0,"114":0,"115":1,"116":0,"117":0,"118":0,"119":1},"b":{"1":[0,0],"2":[0,0],"3":[0,0],"4":[0,0],"5":[0,0],"6":[0,0],"7":[0,0],"8":[0,0]},"f":{"1":0,"2":0,"3":0,"4":0,"5":0,"6":0,"7":0,"8":0,"9":0,"10":0,"11":0,"12":0,"13":0,"14":0,"15":0,"16":0,"17":0,"18":0,"19":0,"20":0,"21":0,"22":0,"23":0,"24":0},"fnMap":{"1":{"name":"Block","line":9,"loc":{"start":{"line":9,"column":0},"end":{"line":9,"column":18}}},"2":{"name":"(anonymous_2)","line":18,"loc":{"start":{"line":18,"column":19},"end":{"line":18,"column":37}}},"3":{"name":"readSlice","line":22,"loc":{"start":{"line":22,"column":2},"end":{"line":22,"column":25}}},"4":{"name":"readUInt32","line":27,"loc":{"start":{"line":27,"column":2},"end":{"line":27,"column":25}}},"5":{"name":"readInt32","line":33,"loc":{"start":{"line":33,"column":2},"end":{"line":33,"column":24}}},"6":{"name":"readVarInt","line":49,"loc":{"start":{"line":49,"column":2},"end":{"line":49,"column":25}}},"7":{"name":"readTransaction","line":55,"loc":{"start":{"line":55,"column":2},"end":{"line":55,"column":30}}},"8":{"name":"(anonymous_8)","line":72,"loc":{"start":{"line":72,"column":29},"end":{"line":72,"column":52}}},"9":{"name":"(anonymous_9)","line":75,"loc":{"start":{"line":75,"column":90},"end":{"line":75,"column":106}}},"10":{"name":"(anonymous_10)","line":80,"loc":{"start":{"line":80,"column":16},"end":{"line":80,"column":31}}},"11":{"name":"(anonymous_11)","line":84,"loc":{"start":{"line":84,"column":26},"end":{"line":84,"column":38}}},"12":{"name":"(anonymous_12)","line":88,"loc":{"start":{"line":88,"column":24},"end":{"line":88,"column":36}}},"13":{"name":"(anonymous_13)","line":92,"loc":{"start":{"line":92,"column":29},"end":{"line":92,"column":41}}},"14":{"name":"(anonymous_14)","line":100,"loc":{"start":{"line":100,"column":27},"end":{"line":100,"column":50}}},"15":{"name":"writeSlice","line":104,"loc":{"start":{"line":104,"column":2},"end":{"line":104,"column":30}}},"16":{"name":"writeInt32","line":109,"loc":{"start":{"line":109,"column":2},"end":{"line":109,"column":26}}},"17":{"name":"writeUInt32","line":113,"loc":{"start":{"line":113,"column":2},"end":{"line":113,"column":27}}},"18":{"name":"(anonymous_18)","line":130,"loc":{"start":{"line":130,"column":28},"end":{"line":130,"column":42}}},"19":{"name":"(anonymous_19)","line":139,"loc":{"start":{"line":139,"column":24},"end":{"line":139,"column":47}}},"20":{"name":"(anonymous_20)","line":143,"loc":{"start":{"line":143,"column":24},"end":{"line":143,"column":40}}},"21":{"name":"(anonymous_21)","line":152,"loc":{"start":{"line":152,"column":28},"end":{"line":152,"column":52}}},"22":{"name":"(anonymous_22)","line":156,"loc":{"start":{"line":156,"column":32},"end":{"line":156,"column":55}}},"23":{"name":"(anonymous_23)","line":163,"loc":{"start":{"line":163,"column":34},"end":{"line":163,"column":46}}},"24":{"name":"(anonymous_24)","line":170,"loc":{"start":{"line":170,"column":35},"end":{"line":170,"column":47}}}},"statementMap":{"1":{"start":{"line":1,"column":0},"end":{"line":1,"column":33}},"2":{"start":{"line":2,"column":0},"end":{"line":2,"column":51}},"3":{"start":{"line":3,"column":0},"end":{"line":3,"column":36}},"4":{"start":{"line":4,"column":0},"end":{"line":4,"column":30}},"5":{"start":{"line":5,"column":0},"end":{"line":5,"column":40}},"6":{"start":{"line":7,"column":0},"end":{"line":7,"column":42}},"7":{"start":{"line":9,"column":0},"end":{"line":16,"column":1}},"8":{"start":{"line":10,"column":2},"end":{"line":10,"column":18}},"9":{"start":{"line":11,"column":2},"end":{"line":11,"column":22}},"10":{"start":{"line":12,"column":2},"end":{"line":12,"column":24}},"11":{"start":{"line":13,"column":2},"end":{"line":13,"column":20}},"12":{"start":{"line":14,"column":2},"end":{"line":14,"column":15}},"13":{"start":{"line":15,"column":2},"end":{"line":15,"column":16}},"14":{"start":{"line":18,"column":0},"end":{"line":70,"column":1}},"15":{"start":{"line":19,"column":2},"end":{"line":19,"column":74}},"16":{"start":{"line":19,"column":26},"end":{"line":19,"column":74}},"17":{"start":{"line":21,"column":2},"end":{"line":21,"column":16}},"18":{"start":{"line":22,"column":2},"end":{"line":25,"column":3}},"19":{"start":{"line":23,"column":4},"end":{"line":23,"column":15}},"20":{"start":{"line":24,"column":4},"end":{"line":24,"column":43}},"21":{"start":{"line":27,"column":2},"end":{"line":31,"column":3}},"22":{"start":{"line":28,"column":4},"end":{"line":28,"column":39}},"23":{"start":{"line":29,"column":4},"end":{"line":29,"column":15}},"24":{"start":{"line":30,"column":4},"end":{"line":30,"column":12}},"25":{"start":{"line":33,"column":2},"end":{"line":37,"column":3}},"26":{"start":{"line":34,"column":4},"end":{"line":34,"column":38}},"27":{"start":{"line":35,"column":4},"end":{"line":35,"column":15}},"28":{"start":{"line":36,"column":4},"end":{"line":36,"column":12}},"29":{"start":{"line":39,"column":2},"end":{"line":39,"column":25}},"30":{"start":{"line":40,"column":2},"end":{"line":40,"column":29}},"31":{"start":{"line":41,"column":2},"end":{"line":41,"column":32}},"32":{"start":{"line":42,"column":2},"end":{"line":42,"column":34}},"33":{"start":{"line":43,"column":2},"end":{"line":43,"column":32}},"34":{"start":{"line":44,"column":2},"end":{"line":44,"column":27}},"35":{"start":{"line":45,"column":2},"end":{"line":45,"column":28}},"36":{"start":{"line":47,"column":2},"end":{"line":47,"column":40}},"37":{"start":{"line":47,"column":28},"end":{"line":47,"column":40}},"38":{"start":{"line":49,"column":2},"end":{"line":53,"column":3}},"39":{"start":{"line":50,"column":4},"end":{"line":50,"column":43}},"40":{"start":{"line":51,"column":4},"end":{"line":51,"column":34}},"41":{"start":{"line":52,"column":4},"end":{"line":52,"column":13}},"42":{"start":{"line":55,"column":2},"end":{"line":59,"column":3}},"43":{"start":{"line":56,"column":4},"end":{"line":56,"column":63}},"44":{"start":{"line":57,"column":4},"end":{"line":57,"column":29}},"45":{"start":{"line":58,"column":4},"end":{"line":58,"column":13}},"46":{"start":{"line":61,"column":2},"end":{"line":61,"column":34}},"47":{"start":{"line":62,"column":2},"end":{"line":62,"column":25}},"48":{"start":{"line":64,"column":2},"end":{"line":67,"column":3}},"49":{"start":{"line":65,"column":4},"end":{"line":65,"column":30}},"50":{"start":{"line":66,"column":4},"end":{"line":66,"column":31}},"51":{"start":{"line":69,"column":2},"end":{"line":69,"column":14}},"52":{"start":{"line":72,"column":0},"end":{"line":78,"column":1}},"53":{"start":{"line":73,"column":2},"end":{"line":73,"column":50}},"54":{"start":{"line":73,"column":41},"end":{"line":73,"column":50}},"55":{"start":{"line":75,"column":2},"end":{"line":77,"column":7}},"56":{"start":{"line":76,"column":4},"end":{"line":76,"column":29}},"57":{"start":{"line":80,"column":0},"end":{"line":82,"column":1}},"58":{"start":{"line":81,"column":2},"end":{"line":81,"column":49}},"59":{"start":{"line":84,"column":0},"end":{"line":86,"column":1}},"60":{"start":{"line":85,"column":2},"end":{"line":85,"column":45}},"61":{"start":{"line":88,"column":0},"end":{"line":90,"column":1}},"62":{"start":{"line":89,"column":2},"end":{"line":89,"column":49}},"63":{"start":{"line":92,"column":0},"end":{"line":97,"column":1}},"64":{"start":{"line":93,"column":2},"end":{"line":93,"column":24}},"65":{"start":{"line":94,"column":2},"end":{"line":94,"column":36}},"66":{"start":{"line":96,"column":2},"end":{"line":96,"column":13}},"67":{"start":{"line":100,"column":0},"end":{"line":137,"column":1}},"68":{"start":{"line":101,"column":2},"end":{"line":101,"column":55}},"69":{"start":{"line":103,"column":2},"end":{"line":103,"column":16}},"70":{"start":{"line":104,"column":2},"end":{"line":107,"column":3}},"71":{"start":{"line":105,"column":4},"end":{"line":105,"column":30}},"72":{"start":{"line":106,"column":4},"end":{"line":106,"column":26}},"73":{"start":{"line":109,"column":2},"end":{"line":112,"column":3}},"74":{"start":{"line":110,"column":4},"end":{"line":110,"column":34}},"75":{"start":{"line":111,"column":4},"end":{"line":111,"column":15}},"76":{"start":{"line":113,"column":2},"end":{"line":116,"column":3}},"77":{"start":{"line":114,"column":4},"end":{"line":114,"column":35}},"78":{"start":{"line":115,"column":4},"end":{"line":115,"column":15}},"79":{"start":{"line":118,"column":2},"end":{"line":118,"column":26}},"80":{"start":{"line":119,"column":2},"end":{"line":119,"column":27}},"81":{"start":{"line":120,"column":2},"end":{"line":120,"column":29}},"82":{"start":{"line":121,"column":2},"end":{"line":121,"column":29}},"83":{"start":{"line":122,"column":2},"end":{"line":122,"column":24}},"84":{"start":{"line":123,"column":2},"end":{"line":123,"column":25}},"85":{"start":{"line":125,"column":2},"end":{"line":125,"column":54}},"86":{"start":{"line":125,"column":41},"end":{"line":125,"column":54}},"87":{"start":{"line":127,"column":2},"end":{"line":127,"column":58}},"88":{"start":{"line":128,"column":2},"end":{"line":128,"column":32}},"89":{"start":{"line":130,"column":2},"end":{"line":134,"column":4}},"90":{"start":{"line":131,"column":4},"end":{"line":131,"column":32}},"91":{"start":{"line":132,"column":4},"end":{"line":132,"column":31}},"92":{"start":{"line":133,"column":4},"end":{"line":133,"column":20}},"93":{"start":{"line":136,"column":2},"end":{"line":136,"column":15}},"94":{"start":{"line":139,"column":0},"end":{"line":141,"column":1}},"95":{"start":{"line":140,"column":2},"end":{"line":140,"column":51}},"96":{"start":{"line":143,"column":0},"end":{"line":150,"column":1}},"97":{"start":{"line":144,"column":2},"end":{"line":144,"column":48}},"98":{"start":{"line":145,"column":2},"end":{"line":145,"column":34}},"99":{"start":{"line":146,"column":2},"end":{"line":146,"column":29}},"100":{"start":{"line":147,"column":2},"end":{"line":147,"column":16}},"101":{"start":{"line":148,"column":2},"end":{"line":148,"column":47}},"102":{"start":{"line":149,"column":2},"end":{"line":149,"column":15}},"103":{"start":{"line":152,"column":0},"end":{"line":161,"column":1}},"104":{"start":{"line":153,"column":2},"end":{"line":153,"column":56}},"105":{"start":{"line":154,"column":2},"end":{"line":154,"column":100}},"106":{"start":{"line":154,"column":33},"end":{"line":154,"column":100}},"107":{"start":{"line":156,"column":2},"end":{"line":158,"column":4}},"108":{"start":{"line":157,"column":4},"end":{"line":157,"column":32}},"109":{"start":{"line":160,"column":2},"end":{"line":160,"column":48}},"110":{"start":{"line":163,"column":0},"end":{"line":168,"column":1}},"111":{"start":{"line":164,"column":2},"end":{"line":164,"column":38}},"112":{"start":{"line":164,"column":26},"end":{"line":164,"column":38}},"113":{"start":{"line":166,"column":2},"end":{"line":166,"column":69}},"114":{"start":{"line":167,"column":2},"end":{"line":167,"column":56}},"115":{"start":{"line":170,"column":0},"end":{"line":175,"column":1}},"116":{"start":{"line":171,"column":2},"end":{"line":171,"column":37}},"117":{"start":{"line":172,"column":2},"end":{"line":172,"column":47}},"118":{"start":{"line":174,"column":2},"end":{"line":174,"column":34}},"119":{"start":{"line":177,"column":0},"end":{"line":177,"column":22}}},"branchMap":{"1":{"line":19,"type":"if","locations":[{"start":{"line":19,"column":2},"end":{"line":19,"column":2}},{"start":{"line":19,"column":2},"end":{"line":19,"column":2}}]},"2":{"line":47,"type":"if","locations":[{"start":{"line":47,"column":2},"end":{"line":47,"column":2}},{"start":{"line":47,"column":2},"end":{"line":47,"column":2}}]},"3":{"line":73,"type":"if","locations":[{"start":{"line":73,"column":2},"end":{"line":73,"column":2}},{"start":{"line":73,"column":2},"end":{"line":73,"column":2}}]},"4":{"line":73,"type":"binary-expr","locations":[{"start":{"line":73,"column":6},"end":{"line":73,"column":17}},{"start":{"line":73,"column":21},"end":{"line":73,"column":39}}]},"5":{"line":125,"type":"if","locations":[{"start":{"line":125,"column":2},"end":{"line":125,"column":2}},{"start":{"line":125,"column":2},"end":{"line":125,"column":2}}]},"6":{"line":125,"type":"binary-expr","locations":[{"start":{"line":125,"column":6},"end":{"line":125,"column":17}},{"start":{"line":125,"column":21},"end":{"line":125,"column":39}}]},"7":{"line":154,"type":"if","locations":[{"start":{"line":154,"column":2},"end":{"line":154,"column":2}},{"start":{"line":154,"column":2},"end":{"line":154,"column":2}}]},"8":{"line":164,"type":"if","locations":[{"start":{"line":164,"column":2},"end":{"line":164,"column":2}},{"start":{"line":164,"column":2},"end":{"line":164,"column":2}}]}},"code":["var bcrypto = require('./crypto')","var fastMerkleRoot = require('merkle-lib/fastRoot')","var typeforce = require('typeforce')","var types = require('./types')","var varuint = require('varuint-bitcoin')","","var Transaction = require('./transaction')","","function Block () {","  this.version = 1","  this.prevHash = null","  this.merkleRoot = null","  this.timestamp = 0","  this.bits = 0","  this.nonce = 0","}","","Block.fromBuffer = function (buffer) {","  if (buffer.length < 80) throw new Error('Buffer too small (< 80 bytes)')","","  var offset = 0","  function readSlice (n) {","    offset += n","    return buffer.slice(offset - n, offset)","  }","","  function readUInt32 () {","    var i = buffer.readUInt32LE(offset)","    offset += 4","    return i","  }","","  function readInt32 () {","    var i = buffer.readInt32LE(offset)","    offset += 4","    return i","  }","","  var block = new Block()","  block.version = readInt32()","  block.prevHash = readSlice(32)","  block.merkleRoot = readSlice(32)","  block.timestamp = readUInt32()","  block.bits = readUInt32()","  block.nonce = readUInt32()","","  if (buffer.length === 80) return block","","  function readVarInt () {","    var vi = varuint.decode(buffer, offset)","    offset += varuint.decode.bytes","    return vi","  }","","  function readTransaction () {","    var tx = Transaction.fromBuffer(buffer.slice(offset), true)","    offset += tx.byteLength()","    return tx","  }","","  var nTransactions = readVarInt()","  block.transactions = []","","  for (var i = 0; i < nTransactions; ++i) {","    var tx = readTransaction()","    block.transactions.push(tx)","  }","","  return block","}","","Block.prototype.byteLength = function (headersOnly) {","  if (headersOnly || !this.transactions) return 80","","  return 80 + varuint.encodingLength(this.transactions.length) + this.transactions.reduce(function (a, x) {","    return a + x.byteLength()","  }, 0)","}","","Block.fromHex = function (hex) {","  return Block.fromBuffer(new Buffer(hex, 'hex'))","}","","Block.prototype.getHash = function () {","  return bcrypto.hash256(this.toBuffer(true))","}","","Block.prototype.getId = function () {","  return this.getHash().reverse().toString('hex')","}","","Block.prototype.getUTCDate = function () {","  var date = new Date(0) // epoch","  date.setUTCSeconds(this.timestamp)","","  return date","}","","// TODO: buffer, offset compatibility","Block.prototype.toBuffer = function (headersOnly) {","  var buffer = new Buffer(this.byteLength(headersOnly))","","  var offset = 0","  function writeSlice (slice) {","    slice.copy(buffer, offset)","    offset += slice.length","  }","","  function writeInt32 (i) {","    buffer.writeInt32LE(i, offset)","    offset += 4","  }","  function writeUInt32 (i) {","    buffer.writeUInt32LE(i, offset)","    offset += 4","  }","","  writeInt32(this.version)","  writeSlice(this.prevHash)","  writeSlice(this.merkleRoot)","  writeUInt32(this.timestamp)","  writeUInt32(this.bits)","  writeUInt32(this.nonce)","","  if (headersOnly || !this.transactions) return buffer","","  varuint.encode(this.transactions.length, buffer, offset)","  offset += varuint.encode.bytes","","  this.transactions.forEach(function (tx) {","    var txSize = tx.byteLength() // TODO: extract from toBuffer?","    tx.toBuffer(buffer, offset)","    offset += txSize","  })","","  return buffer","}","","Block.prototype.toHex = function (headersOnly) {","  return this.toBuffer(headersOnly).toString('hex')","}","","Block.calculateTarget = function (bits) {","  var exponent = ((bits & 0xff000000) >> 24) - 3","  var mantissa = bits & 0x007fffff","  var target = new Buffer(32)","  target.fill(0)","  target.writeUInt32BE(mantissa, 28 - exponent)","  return target","}","","Block.calculateMerkleRoot = function (transactions) {","  typeforce([{ getHash: types.Function }], transactions)","  if (transactions.length === 0) throw TypeError('Cannot compute merkle root for zero transactions')","","  var hashes = transactions.map(function (transaction) {","    return transaction.getHash()","  })","","  return fastMerkleRoot(hashes, bcrypto.hash256)","}","","Block.prototype.checkMerkleRoot = function () {","  if (!this.transactions) return false","","  var actualMerkleRoot = Block.calculateMerkleRoot(this.transactions)","  return this.merkleRoot.compare(actualMerkleRoot) === 0","}","","Block.prototype.checkProofOfWork = function () {","  var hash = this.getHash().reverse()","  var target = Block.calculateTarget(this.bits)","","  return hash.compare(target) <= 0","}","","module.exports = Block",""],"l":{"1":1,"2":1,"3":1,"4":1,"5":1,"7":1,"9":1,"10":0,"11":0,"12":0,"13":0,"14":0,"15":0,"18":1,"19":0,"21":0,"22":1,"23":0,"24":0,"27":1,"28":0,"29":0,"30":0,"33":1,"34":0,"35":0,"36":0,"39":0,"40":0,"41":0,"42":0,"43":0,"44":0,"45":0,"47":0,"49":1,"50":0,"51":0,"52":0,"55":1,"56":0,"57":0,"58":0,"61":0,"62":0,"64":0,"65":0,"66":0,"69":0,"72":1,"73":0,"75":0,"76":0,"80":1,"81":0,"84":1,"85":0,"88":1,"89":0,"92":1,"93":0,"94":0,"96":0,"100":1,"101":0,"103":0,"104":1,"105":0,"106":0,"109":1,"110":0,"111":0,"113":1,"114":0,"115":0,"118":0,"119":0,"120":0,"121":0,"122":0,"123":0,"125":0,"127":0,"128":0,"130":0,"131":0,"132":0,"133":0,"136":0,"139":1,"140":0,"143":1,"144":0,"145":0,"146":0,"147":0,"148":0,"149":0,"152":1,"153":0,"154":0,"156":0,"157":0,"160":0,"163":1,"164":0,"166":0,"167":0,"170":1,"171":0,"172":0,"174":0,"177":1}},"/home/travis/build/npmtest/node-npmtest-bitcoinjs-lib/node_modules/bitcoinjs-lib/src/crypto.js":{"path":"/home/travis/build/npmtest/node-npmtest-bitcoinjs-lib/node_modules/bitcoinjs-lib/src/crypto.js","s":{"1":1,"2":1,"3":0,"4":1,"5":0,"6":1,"7":0,"8":1,"9":0,"10":1,"11":0,"12":1},"b":{},"f":{"1":0,"2":0,"3":0,"4":0,"5":0},"fnMap":{"1":{"name":"ripemd160","line":3,"loc":{"start":{"line":3,"column":0},"end":{"line":3,"column":28}}},"2":{"name":"sha1","line":7,"loc":{"start":{"line":7,"column":0},"end":{"line":7,"column":23}}},"3":{"name":"sha256","line":11,"loc":{"start":{"line":11,"column":0},"end":{"line":11,"column":25}}},"4":{"name":"hash160","line":15,"loc":{"start":{"line":15,"column":0},"end":{"line":15,"column":26}}},"5":{"name":"hash256","line":19,"loc":{"start":{"line":19,"column":0},"end":{"line":19,"column":26}}}},"statementMap":{"1":{"start":{"line":1,"column":0},"end":{"line":1,"column":39}},"2":{"start":{"line":3,"column":0},"end":{"line":5,"column":1}},"3":{"start":{"line":4,"column":2},"end":{"line":4,"column":53}},"4":{"start":{"line":7,"column":0},"end":{"line":9,"column":1}},"5":{"start":{"line":8,"column":2},"end":{"line":8,"column":51}},"6":{"start":{"line":11,"column":0},"end":{"line":13,"column":1}},"7":{"start":{"line":12,"column":2},"end":{"line":12,"column":53}},"8":{"start":{"line":15,"column":0},"end":{"line":17,"column":1}},"9":{"start":{"line":16,"column":2},"end":{"line":16,"column":34}},"10":{"start":{"line":19,"column":0},"end":{"line":21,"column":1}},"11":{"start":{"line":20,"column":2},"end":{"line":20,"column":31}},"12":{"start":{"line":23,"column":0},"end":{"line":29,"column":1}}},"branchMap":{},"code":["var createHash = require('create-hash')","","function ripemd160 (buffer) {","  return createHash('rmd160').update(buffer).digest()","}","","function sha1 (buffer) {","  return createHash('sha1').update(buffer).digest()","}","","function sha256 (buffer) {","  return createHash('sha256').update(buffer).digest()","}","","function hash160 (buffer) {","  return ripemd160(sha256(buffer))","}","","function hash256 (buffer) {","  return sha256(sha256(buffer))","}","","module.exports = {","  hash160: hash160,","  hash256: hash256,","  ripemd160: ripemd160,","  sha1: sha1,","  sha256: sha256","}",""],"l":{"1":1,"3":1,"4":0,"7":1,"8":0,"11":1,"12":0,"15":1,"16":0,"19":1,"20":0,"23":1}},"/home/travis/build/npmtest/node-npmtest-bitcoinjs-lib/node_modules/bitcoinjs-lib/src/types.js":{"path":"/home/travis/build/npmtest/node-npmtest-bitcoinjs-lib/node_modules/bitcoinjs-lib/src/types.js","s":{"1":1,"2":1,"3":1,"4":0,"5":1,"6":0,"7":1,"8":0,"9":1,"10":1,"11":0,"12":1,"13":1,"14":1,"15":1,"16":1,"17":1,"18":32,"19":1},"b":{"1":[0,0],"2":[0,0],"3":[0,0]},"f":{"1":0,"2":0,"3":0,"4":0},"fnMap":{"1":{"name":"UInt31","line":4,"loc":{"start":{"line":4,"column":0},"end":{"line":4,"column":24}}},"2":{"name":"BIP32Path","line":8,"loc":{"start":{"line":8,"column":0},"end":{"line":8,"column":27}}},"3":{"name":"(anonymous_3)","line":11,"loc":{"start":{"line":11,"column":19},"end":{"line":11,"column":31}}},"4":{"name":"Satoshi","line":14,"loc":{"start":{"line":14,"column":0},"end":{"line":14,"column":25}}}},"statementMap":{"1":{"start":{"line":1,"column":0},"end":{"line":1,"column":36}},"2":{"start":{"line":3,"column":0},"end":{"line":3,"column":36}},"3":{"start":{"line":4,"column":0},"end":{"line":6,"column":1}},"4":{"start":{"line":5,"column":2},"end":{"line":5,"column":55}},"5":{"start":{"line":8,"column":0},"end":{"line":10,"column":1}},"6":{"start":{"line":9,"column":2},"end":{"line":9,"column":74}},"7":{"start":{"line":11,"column":0},"end":{"line":11,"column":65}},"8":{"start":{"line":11,"column":33},"end":{"line":11,"column":64}},"9":{"start":{"line":13,"column":0},"end":{"line":13,"column":27}},"10":{"start":{"line":14,"column":0},"end":{"line":16,"column":1}},"11":{"start":{"line":15,"column":2},"end":{"line":15,"column":56}},"12":{"start":{"line":19,"column":0},"end":{"line":19,"column":47}},"13":{"start":{"line":20,"column":0},"end":{"line":20,"column":43}},"14":{"start":{"line":23,"column":0},"end":{"line":23,"column":61}},"15":{"start":{"line":24,"column":0},"end":{"line":33,"column":2}},"16":{"start":{"line":36,"column":0},"end":{"line":47,"column":1}},"17":{"start":{"line":49,"column":0},"end":{"line":51,"column":1}},"18":{"start":{"line":50,"column":2},"end":{"line":50,"column":39}},"19":{"start":{"line":53,"column":0},"end":{"line":53,"column":22}}},"branchMap":{"1":{"line":5,"type":"binary-expr","locations":[{"start":{"line":5,"column":9},"end":{"line":5,"column":32}},{"start":{"line":5,"column":36},"end":{"line":5,"column":55}}]},"2":{"line":9,"type":"binary-expr","locations":[{"start":{"line":9,"column":9},"end":{"line":9,"column":32}},{"start":{"line":9,"column":36},"end":{"line":9,"column":74}}]},"3":{"line":15,"type":"binary-expr","locations":[{"start":{"line":15,"column":9},"end":{"line":15,"column":32}},{"start":{"line":15,"column":36},"end":{"line":15,"column":56}}]}},"code":["var typeforce = require('typeforce')","","var UINT31_MAX = Math.pow(2, 31) - 1","function UInt31 (value) {","  return typeforce.UInt32(value) && value <= UINT31_MAX","}","","function BIP32Path (value) {","  return typeforce.String(value) && value.match(/^(m\\/)?(\\d+'?\\/)*\\d+'?$/)","}","BIP32Path.toJSON = function () { return 'BIP32 derivation path' }","","var SATOSHI_MAX = 21 * 1e14","function Satoshi (value) {","  return typeforce.UInt53(value) && value <= SATOSHI_MAX","}","","// external dependent types","var BigInt = typeforce.quacksLike('BigInteger')","var ECPoint = typeforce.quacksLike('Point')","","// exposed, external API","var ECSignature = typeforce.compile({ r: BigInt, s: BigInt })","var Network = typeforce.compile({","  messagePrefix: typeforce.oneOf(typeforce.Buffer, typeforce.String),","  bip32: {","    public: typeforce.UInt32,","    private: typeforce.UInt32","  },","  pubKeyHash: typeforce.UInt8,","  scriptHash: typeforce.UInt8,","  wif: typeforce.UInt8","})","","// extend typeforce types with ours","var types = {","  BigInt: BigInt,","  BIP32Path: BIP32Path,","  Buffer256bit: typeforce.BufferN(32),","  ECPoint: ECPoint,","  ECSignature: ECSignature,","  Hash160bit: typeforce.BufferN(20),","  Hash256bit: typeforce.BufferN(32),","  Network: Network,","  Satoshi: Satoshi,","  UInt31: UInt31","}","","for (var typeName in typeforce) {","  types[typeName] = typeforce[typeName]","}","","module.exports = types",""],"l":{"1":1,"3":1,"4":1,"5":0,"8":1,"9":0,"11":1,"13":1,"14":1,"15":0,"19":1,"20":1,"23":1,"24":1,"36":1,"49":1,"50":32,"53":1}},"/home/travis/build/npmtest/node-npmtest-bitcoinjs-lib/node_modules/bitcoinjs-lib/src/transaction.js":{"path":"/home/travis/build/npmtest/node-npmtest-bitcoinjs-lib/node_modules/bitcoinjs-lib/src/transaction.js","s":{"1":1,"2":1,"3":1,"4":1,"5":1,"6":1,"7":1,"8":1,"9":0,"10":0,"11":1,"12":0,"13":0,"14":0,"15":1,"16":0,"17":0,"18":0,"19":0,"20":1,"21":1,"22":1,"23":1,"24":1,"25":1,"26":1,"27":1,"28":1,"29":1,"30":1,"31":1,"32":1,"33":1,"34":0,"35":1,"36":0,"37":0,"38":1,"39":0,"40":0,"41":0,"42":1,"43":0,"44":0,"45":0,"46":1,"47":0,"48":0,"49":0,"50":1,"51":0,"52":0,"53":0,"54":1,"55":0,"56":1,"57":0,"58":0,"59":0,"60":0,"61":0,"62":0,"63":0,"64":0,"65":0,"66":0,"67":0,"68":0,"69":0,"70":0,"71":0,"72":0,"73":0,"74":0,"75":0,"76":0,"77":0,"78":0,"79":0,"80":0,"81":0,"82":0,"83":0,"84":0,"85":0,"86":0,"87":1,"88":0,"89":1,"90":0,"91":0,"92":0,"93":0,"94":0,"95":1,"96":0,"97":1,"98":0,"99":0,"100":0,"101":0,"102":1,"103":0,"104":0,"105":1,"106":0,"107":0,"108":1,"109":0,"110":1,"111":0,"112":0,"113":0,"114":0,"115":0,"116":1,"117":0,"118":0,"119":0,"120":0,"121":0,"122":0,"123":0,"124":0,"125":1,"126":0,"127":0,"128":0,"129":0,"130":0,"131":0,"132":0,"133":0,"134":0,"135":0,"136":0,"137":0,"138":0,"139":0,"140":0,"141":0,"142":0,"143":0,"144":0,"145":0,"146":0,"147":0,"148":0,"149":0,"150":0,"151":0,"152":0,"153":0,"154":0,"155":0,"156":0,"157":0,"158":1,"159":0,"160":0,"161":1,"162":0,"163":1,"164":0,"165":1,"166":0,"167":1,"168":0,"169":0,"170":1,"171":0,"172":0,"173":0,"174":0,"175":0,"176":0,"177":0,"178":0,"179":0,"180":0,"181":0,"182":0,"183":0,"184":0,"185":0,"186":0,"187":0,"188":0,"189":0,"190":0,"191":0,"192":0,"193":0,"194":0,"195":0,"196":0,"197":0,"198":0,"199":0,"200":0,"201":0,"202":0,"203":0,"204":0,"205":0,"206":0,"207":0,"208":0,"209":0,"210":0,"211":0,"212":0,"213":0,"214":0,"215":0,"216":0,"217":0,"218":0,"219":0,"220":1,"221":0,"222":1,"223":0,"224":1,"225":0,"226":1,"227":0,"228":0,"229":0,"230":1,"231":0,"232":1,"233":0,"234":1,"235":0,"236":1,"237":0,"238":1,"239":0,"240":1,"241":0,"242":0,"243":1,"244":0,"245":0,"246":1,"247":0,"248":0,"249":0,"250":0,"251":0,"252":0,"253":0,"254":0,"255":0,"256":0,"257":0,"258":0,"259":0,"260":0,"261":0,"262":0,"263":0,"264":0,"265":0,"266":0,"267":0,"268":0,"269":0,"270":0,"271":0,"272":0,"273":1,"274":0,"275":1,"276":0,"277":0,"278":1,"279":0,"280":0,"281":1},"b":{"1":[0,0],"2":[0,0],"3":[0,0],"4":[0,0],"5":[0,0],"6":[0,0],"7":[0,0],"8":[0,0],"9":[0,0],"10":[0,0],"11":[0,0],"12":[0,0],"13":[0,0],"14":[0,0],"15":[0,0],"16":[0,0],"17":[0,0],"18":[0,0],"19":[0,0],"20":[0,0],"21":[0,0],"22":[0,0],"23":[0,0,0],"24":[0,0],"25":[0,0],"26":[0,0],"27":[0,0],"28":[0,0],"29":[0,0],"30":[0,0],"31":[0,0],"32":[0,0],"33":[0,0],"34":[0,0]},"f":{"1":0,"2":0,"3":0,"4":0,"5":0,"6":0,"7":0,"8":0,"9":0,"10":0,"11":0,"12":0,"13":0,"14":0,"15":0,"16":0,"17":0,"18":0,"19":0,"20":0,"21":0,"22":0,"23":0,"24":0,"25":0,"26":0,"27":0,"28":0,"29":0,"30":0,"31":0,"32":0,"33":0,"34":0,"35":0,"36":0,"37":0,"38":0,"39":0,"40":0,"41":0,"42":0,"43":0,"44":0,"45":0,"46":0,"47":0,"48":0,"49":0,"50":0,"51":0,"52":0,"53":0,"54":0,"55":0,"56":0,"57":0,"58":0,"59":0,"60":0},"fnMap":{"1":{"name":"varSliceSize","line":9,"loc":{"start":{"line":9,"column":0},"end":{"line":9,"column":35}}},"2":{"name":"vectorSize","line":15,"loc":{"start":{"line":15,"column":0},"end":{"line":15,"column":33}}},"3":{"name":"(anonymous_3)","line":18,"loc":{"start":{"line":18,"column":60},"end":{"line":18,"column
[...]
input.prevOutScript)[1]","    if (!scriptHash.equals(witnessScriptHash)) throw new Error('Inconsistent sha25(WitnessScript)')","  }","}","","function prepareInput (input, kpPubKey, redeemScript, witnessValue, witnessScript) {","  var expanded","  var prevOutType","  var prevOutScript","","  var p2sh = false","  var p2shType","  var redeemScriptHash","","  var witness = false","  var p2wsh = false","  var witnessType","  var witnessScriptHash","","  var signType","  var signScript","","  if (redeemScript && witnessScript) {","    redeemScriptHash = bcrypto.hash160(redeemScript)","    witnessScriptHash = bcrypto.sha256(witnessScript)","    checkP2shInput(input, redeemScriptHash)","","    if (!redeemScript.equals(bscript.witnessScriptHash.output.encode(witnessScriptHash))) throw new Error('Witness script inconsistent with redeem script')","","    expanded = expandOutput(witnessScript, undefined, kpPubKey)","    if (!expanded.pubKeys) throw new Error('WitnessScript not supported \"' + bscript.toASM(redeemScript) + '\"')","    prevOutType = bscript.types.P2SH","    prevOutScript = bscript.scriptHash.output.encode(redeemScriptHash)","    p2sh = witness = p2wsh = true","    p2shType = bscript.types.P2WSH","    signType = witnessType = expanded.scriptType","    signScript = witnessScript","  } else if (redeemScript) {","    redeemScriptHash = bcrypto.hash160(redeemScript)","    checkP2shInput(input, redeemScriptHash)","","    expanded = expandOutput(redeemScript, undefined, kpPubKey)","    if (!expanded.pubKeys) throw new Error('RedeemScript not supported \"' + bscript.toASM(redeemScript) + '\"')","","    prevOutType = bscript.types.P2SH","    prevOutScript = bscript.scriptHash.output.encode(redeemScriptHash)","    p2sh = true","    signType = p2shType = expanded.scriptType","    signScript = redeemScript","    witness = signType === bscript.types.P2WPKH","  } else if (witnessScript) {","    witnessScriptHash = bcrypto.sha256(witnessScript)","    checkP2WSHInput(input, witnessScriptHash)","","    expanded = expandOutput(witnessScript, undefined, kpPubKey)","    if (!expanded.pubKeys) throw new Error('WitnessScript not supported \"' + bscript.toASM(redeemScript) + '\"')","","    prevOutType = bscript.types.P2WSH","    prevOutScript = bscript.witnessScriptHash.output.encode(witnessScriptHash)","    witness = p2wsh = true","    signType = witnessType = expanded.scriptType","    signScript = witnessScript","  } else if (input.prevOutType) {","    // embedded scripts are not possible without a redeemScript","    if (input.prevOutType === scriptTypes.P2SH ||","      input.prevOutType === scriptTypes.P2WSH) {","      throw new Error('PrevOutScript is ' + input.prevOutType + ', requires redeemScript')","    }","","    prevOutType = input.prevOutType","    prevOutScript = input.prevOutScript","    expanded = expandOutput(input.prevOutScript, input.prevOutType, kpPubKey)","    if (!expanded.pubKeys) return","","    witness = (input.prevOutType === scriptTypes.P2WPKH)","    signType = prevOutType","    signScript = prevOutScript","  } else {","    prevOutScript = bscript.pubKeyHash.output.encode(bcrypto.hash160(kpPubKey))","    expanded = expandOutput(prevOutScript, scriptTypes.P2PKH, kpPubKey)","    prevOutType = scriptTypes.P2PKH","    witness = false","    signType = prevOutType","    signScript = prevOutScript","  }","","  if (witness && !types.Satoshi(witnessValue)) {","    throw new Error('Input was witness but not given witness value')","  }","","  if (signType === scriptTypes.P2WPKH) {","    signScript = bscript.pubKeyHash.output.encode(bscript.witnessPubKeyHash.output.decode(signScript))","  }","","  if (p2sh) {","    input.redeemScript = redeemScript","    input.redeemScriptType = p2shType","  }","","  if (p2wsh) {","    input.witnessScript = witnessScript","    input.witnessScriptType = witnessType","  }","","  input.pubKeys = expanded.pubKeys","  input.signatures = expanded.signatures","  input.signScript = signScript","  input.signType = signType","  input.prevOutScript = prevOutScript","  input.prevOutType = prevOutType","  input.witness = witness","}","","function buildStack (type, signatures, pubKeys, allowIncomplete) {","  if (type === scriptTypes.P2PKH) {","    if (signatures.length === 1 && signatures[0] instanceof Buffer && pubKeys.length === 1) return bscript.pubKeyHash.input.encodeStack(signatures[0], pubKeys[0])","  } else if (type === scriptTypes.P2PK) {","    if (signatures.length === 1 && signatures[0] instanceof Buffer) return bscript.pubKey.input.encodeStack(signatures[0])","  } else if (type === scriptTypes.MULTISIG) {","    if (signatures.length > 0) {","      signatures = signatures.map(function (signature) {","        return signature || ops.OP_0","      })","      if (!allowIncomplete) {","        // remove blank signatures","        signatures = signatures.filter(function (x) { return x !== ops.OP_0 })","      }","","      return bscript.multisig.input.encodeStack(signatures /* see if it's necessary first */)","    }","  } else {","    throw new Error('Not yet supported')","  }","","  if (!allowIncomplete) throw new Error('Not enough signatures provided')","","  return []","}","","function buildInput (input, allowIncomplete) {","  var scriptType = input.prevOutType","  var sig = []","  var witness = []","  if (SIGNABLE.indexOf(scriptType) !== -1) {","    sig = buildStack(scriptType, input.signatures, input.pubKeys, input.script, allowIncomplete)","  }","","  var p2sh = false","  if (scriptType === bscript.types.P2SH) {","    // We can remove this error later when we have a guarantee prepareInput","    // rejects unsignable scripts - it MUST be signable at this point.","    if (P2SH.indexOf(input.redeemScriptType) === -1) {","      throw new Error('Impossible to sign this type')","    }","    p2sh = true","    if (SIGNABLE.indexOf(input.redeemScriptType) !== -1) {","      sig = buildStack(input.redeemScriptType, input.signatures, input.pubKeys, allowIncomplete)","    }","    // If it wasn't SIGNABLE, it's witness, defer to that","    scriptType = input.redeemScriptType","  }","","  if (scriptType === bscript.types.P2WPKH) {","    // P2WPKH is a special case of P2PKH","    witness = buildStack(bscript.types.P2PKH, input.signatures, input.pubKeys, allowIncomplete)","  } else if (scriptType === bscript.types.P2WSH) {","    // We can remove this check later","    if (SIGNABLE.indexOf(input.witnessScriptType) !== -1) {","      witness = buildStack(input.witnessScriptType, input.signatures, input.pubKeys, allowIncomplete)","      witness.push(input.witnessScript)","    } else {","      // We can remove this error later when we have a guarantee prepareInput","      // rejects unsignble scripts - it MUST be signable at this point.","      throw new Error()","    }","","    scriptType = input.witnessScriptType","  }","","  // append redeemScript if necessary","  if (p2sh) {","    sig.push(input.redeemScript)","  }","","  return {","    type: scriptType,","    script: bscript.compile(sig),","    witness: witness","  }","}","","function TransactionBuilder (network, maximumFeeRate) {","  this.prevTxMap = {}","  this.network = network || networks.bitcoin","","  // WARNING: This is __NOT__ to be relied on, its just another potential safety mechanism (safety in-depth)","  this.maximumFeeRate = maximumFeeRate || 1000","","  this.inputs = []","  this.tx = new Transaction()","}","","TransactionBuilder.prototype.setLockTime = function (locktime) {","  typeforce(types.UInt32, locktime)","","  // if any signatures exist, throw","  if (this.inputs.some(function (input) {","    if (!input.signatures) return false","","    return input.signatures.some(function (s) { return s })","  })) {","    throw new Error('No, this would invalidate signatures')","  }","","  this.tx.locktime = locktime","}","","TransactionBuilder.prototype.setVersion = function (version) {","  typeforce(types.UInt32, version)","","  // XXX: this might eventually become more complex depending on what the versions represent","  this.tx.version = version","}","","TransactionBuilder.fromTransaction = function (transaction, network) {","  var txb = new TransactionBuilder(network)","","  // Copy transaction fields","  txb.setVersion(transaction.version)","  txb.setLockTime(transaction.locktime)","","  // Copy outputs (done first to avoid signature invalidation)","  transaction.outs.forEach(function (txOut) {","    txb.addOutput(txOut.script, txOut.value)","  })","","  // Copy inputs","  transaction.ins.forEach(function (txIn) {","    txb.__addInputUnsafe(txIn.hash, txIn.index, {","      sequence: txIn.sequence,","      script: txIn.script,","      witness: txIn.witness","    })","  })","","  // fix some things not possible through the public API","  txb.inputs.forEach(function (input, i) {","    fixMultisigOrder(input, transaction, i)","  })","","  return txb","}","","TransactionBuilder.prototype.addInput = function (txHash, vout, sequence, prevOutScript) {","  if (!this.__canModifyInputs()) {","    throw new Error('No, this would invalidate signatures')","  }","","  var value","","  // is it a hex string?","  if (typeof txHash === 'string') {","    // transaction hashs's are displayed in reverse order, un-reverse it","    txHash = new Buffer(txHash, 'hex').reverse()","","  // is it a Transaction object?","  } else if (txHash instanceof Transaction) {","    var txOut = txHash.outs[vout]","    prevOutScript = txOut.script","    value = txOut.value","","    txHash = txHash.getHash()","  }","","  return this.__addInputUnsafe(txHash, vout, {","    sequence: sequence,","    prevOutScript: prevOutScript,","    value: value","  })","}","","TransactionBuilder.prototype.__addInputUnsafe = function (txHash, vout, options) {","  if (Transaction.isCoinbaseHash(txHash)) {","    throw new Error('coinbase inputs not supported')","  }","","  var prevTxOut = txHash.toString('hex') + ':' + vout","  if (this.prevTxMap[prevTxOut] !== undefined) throw new Error('Duplicate TxOut: ' + prevTxOut)","","  var input = {}","","  // derive what we can from the scriptSig","  if (options.script !== undefined) {","    input = expandInput(options.script, options.witness)","  }","","  // if an input value was given, retain it","  if (options.value !== undefined) {","    input.value = options.value","  }","","  // derive what we can from the previous transactions output script","  if (!input.prevOutScript && options.prevOutScript) {","    var prevOutType","","    if (!input.pubKeys && !input.signatures) {","      var expanded = expandOutput(options.prevOutScript)","","      if (expanded.pubKeys) {","        input.pubKeys = expanded.pubKeys","        input.signatures = expanded.signatures","      }","","      prevOutType = expanded.scriptType","    }","","    input.prevOutScript = options.prevOutScript","    input.prevOutType = prevOutType || bscript.classifyOutput(options.prevOutScript)","  }","","  var vin = this.tx.addInput(txHash, vout, options.sequence, options.scriptSig)","  this.inputs[vin] = input","  this.prevTxMap[prevTxOut] = vin","","  return vin","}","","TransactionBuilder.prototype.addOutput = function (scriptPubKey, value) {","  if (!this.__canModifyOutputs()) {","    throw new Error('No, this would invalidate signatures')","  }","","  // Attempt to get a script if it's a base58 address string","  if (typeof scriptPubKey === 'string') {","    scriptPubKey = baddress.toOutputScript(scriptPubKey, this.network)","  }","","  return this.tx.addOutput(scriptPubKey, value)","}","","TransactionBuilder.prototype.build = function () {","  return this.__build(false)","}","TransactionBuilder.prototype.buildIncomplete = function () {","  return this.__build(true)","}","","TransactionBuilder.prototype.__build = function (allowIncomplete) {","  if (!allowIncomplete) {","    if (!this.tx.ins.length) throw new Error('Transaction has no inputs')","    if (!this.tx.outs.length) throw new Error('Transaction has no outputs')","  }","","  var tx = this.tx.clone()","  // Create script signatures from inputs","  this.inputs.forEach(function (input, i) {","    var scriptType = input.witnessScriptType || input.redeemScriptType || input.prevOutType","    if (!scriptType && !allowIncomplete) throw new Error('Transaction is not complete')","    var result = buildInput(input, allowIncomplete)","","    // skip if no result","    if (!allowIncomplete) {","      if (SIGNABLE.indexOf(result.type) === -1 && result.type !== bscript.types.P2WPKH) {","        throw new Error(result.type + ' not supported')","      }","    }","","    tx.setInputScript(i, result.script)","    tx.setWitness(i, result.witness)","  })","","  if (!allowIncomplete) {","    // do not rely on this, its merely a last resort","    if (this.__overMaximumFees(tx.byteLength())) {","      throw new Error('Transaction has absurd fees')","    }","  }","","  return tx","}","","function canSign (input) {","  return input.prevOutScript !== undefined &&","    input.signScript !== undefined &&","    input.pubKeys !== undefined &&","    input.signatures !== undefined &&","    input.signatures.length === input.pubKeys.length &&","    input.pubKeys.length > 0 &&","    input.witness !== undefined","}","","TransactionBuilder.prototype.sign = function (vin, keyPair, redeemScript, hashType, witnessValue, witnessScript) {","  if (keyPair.network !== this.network) throw new Error('Inconsistent network')","  if (!this.inputs[vin]) throw new Error('No input at index: ' + vin)","  hashType = hashType || Transaction.SIGHASH_ALL","","  var input = this.inputs[vin]","","  // if redeemScript was previously provided, enforce consistency","  if (input.redeemScript !== undefined &&","      redeemScript &&","      !input.redeemScript.equals(redeemScript)) {","    throw new Error('Inconsistent redeemScript')","  }","","  var kpPubKey = keyPair.getPublicKeyBuffer()","  if (!canSign(input)) {","    prepareInput(input, kpPubKey, redeemScript, witnessValue, witnessScript)","    if (!canSign(input)) throw Error(input.prevOutType + ' not supported')","  }","","  // ready to sign","  var signatureHash","  if (input.witness) {","    signatureHash = this.tx.hashForWitnessV0(vin, input.signScript, witnessValue, hashType)","  } else {","    signatureHash = this.tx.hashForSignature(vin, input.signScript, hashType)","  }","  // enforce in order signing of public keys","  var signed = input.pubKeys.some(function (pubKey, i) {","    if (!kpPubKey.equals(pubKey)) return false","    if (input.signatures[i]) throw new Error('Signature already exists')","","    input.signatures[i] = keyPair.sign(signatureHash).toScriptSignature(hashType)","    return true","  })","","  if (!signed) throw new Error('Key pair cannot sign for this input')","}","","function signatureHashType (buffer) {","  return buffer.readUInt8(buffer.length - 1)","}","","TransactionBuilder.prototype.__canModifyInputs = function () {","  return this.inputs.every(function (input) {","    // any signatures?","    if (input.signatures === undefined) return true","","    return input.signatures.every(function (signature) {","      if (!signature) return true","      var hashType = signatureHashType(signature)","","      // if SIGHASH_ANYONECANPAY is set, signatures would not","      // be invalidated by more inputs","      return hashType & Transaction.SIGHASH_ANYONECANPAY","    })","  })","}","","TransactionBuilder.prototype.__canModifyOutputs = function () {","  var nInputs = this.tx.ins.length","  var nOutputs = this.tx.outs.length","","  return this.inputs.every(function (input) {","    if (input.signatures === undefined) return true","","    return input.signatures.every(function (signature) {","      if (!signature) return true","      var hashType = signatureHashType(signature)","","      var hashTypeMod = hashType & 0x1f","      if (hashTypeMod === Transaction.SIGHASH_NONE) return true","      if (hashTypeMod === Transaction.SIGHASH_SINGLE) {","        // if SIGHASH_SINGLE is set, and nInputs > nOutputs","        // some signatures would be invalidated by the addition","        // of more outputs","        return nInputs <= nOutputs","      }","    })","  })","}","","TransactionBuilder.prototype.__overMaximumFees = function (bytes) {","  // not all inputs will have .value defined","  var incoming = this.inputs.reduce(function (a, x) { return a + (x.value >>> 0) }, 0)","","  // but all outputs do, and if we have any input value","  // we can immediately determine if the outputs are too small","  var outgoing = this.tx.outs.reduce(function (a, x) { return a + x.value }, 0)","  var fee = incoming - outgoing","  var feeRate = fee / bytes","","  return feeRate > this.maximumFeeRate","}","","module.exports = TransactionBuilder",""],"l":{"1":1,"2":1,"3":1,"4":1,"5":1,"6":1,"7":1,"8":1,"9":1,"10":1,"12":1,"13":1,"14":1,"16":1,"17":0,"18":0,"19":0,"22":0,"23":0,"24":0,"27":0,"28":0,"29":0,"32":0,"33":0,"34":0,"37":0,"38":0,"40":0,"43":0,"48":1,"49":0,"50":0,"51":0,"52":0,"53":0,"54":0,"55":0,"56":0,"57":0,"58":0,"59":0,"60":0,"61":0,"63":0,"64":0,"65":0,"66":0,"67":0,"68":0,"69":0,"70":0,"71":0,"74":0,"75":0,"76":0,"77":0,"78":0,"79":0,"80":0,"81":0,"82":0,"83":0,"87":0,"88":0,"90":0,"91":0,"92":0,"96":0,"97":0,"99":0,"100":0,"101":0,"102":0,"103":0,"104":0,"105":0,"106":0,"107":0,"108":0,"109":0,"112":0,"113":0,"115":0,"116":0,"117":0,"121":0,"122":0,"123":0,"124":0,"125":0,"128":0,"129":0,"130":0,"132":0,"133":0,"136":0,"138":0,"148":0,"149":0,"150":0,"153":0,"154":0,"155":0,"158":0,"162":1,"163":0,"164":0,"166":0,"168":0,"169":0,"170":0,"173":0,"175":0,"178":0,"179":0,"182":0,"185":0,"186":0,"188":0,"191":0,"195":1,"196":0,"198":0,"199":0,"200":0,"203":0,"205":0,"208":0,"210":0,"211":0,"212":0,"213":0,"217":0,"219":0,"220":0,"221":0,"222":0,"225":0,"226":0,"229":0,"230":0,"232":0,"235":0,"238":0,"242":1,"243":0,"244":0,"246":0,"247":0,"251":1,"252":0,"253":0,"255":0,"256":0,"260":1,"261":0,"262":0,"263":0,"265":0,"266":0,"267":0,"269":0,"270":0,"271":0,"272":0,"274":0,"275":0,"277":0,"278":0,"279":0,"280":0,"282":0,"284":0,"285":0,"286":0,"287":0,"288":0,"289":0,"290":0,"291":0,"292":0,"293":0,"294":0,"296":0,"297":0,"299":0,"300":0,"301":0,"302":0,"303":0,"304":0,"305":0,"306":0,"307":0,"309":0,"310":0,"312":0,"313":0,"314":0,"315":0,"316":0,"317":0,"319":0,"321":0,"324":0,"325":0,"326":0,"327":0,"329":0,"330":0,"331":0,"333":0,"334":0,"335":0,"336":0,"337":0,"338":0,"341":0,"342":0,"345":0,"346":0,"349":0,"350":0,"351":0,"354":0,"355":0,"356":0,"359":0,"360":0,"361":0,"362":0,"363":0,"364":0,"365":0,"368":1,"369":0,"370":0,"371":0,"372":0,"373":0,"374":0,"375":0,"376":0,"378":0,"380":0,"383":0,"386":0,"389":0,"391":0,"394":1,"395":0,"396":0,"397":0,"398":0,"399":0,"402":0,"403":0,"406":0,"407":0,"409":0,"410":0,"411":0,"414":0,"417":0,"419":0,"420":0,"422":0,"423":0,"424":0,"428":0,"431":0,"435":0,"436":0,"439":0,"446":1,"447":0,"448":0,"451":0,"453":0,"454":0,"457":1,"458":0,"461":0,"462":0,"464":0,"466":0,"469":0,"472":1,"473":0,"476":0,"479":1,"480":0,"483":0,"484":0,"487":0,"488":0,"492":0,"493":0,"501":0,"502":0,"505":0,"508":1,"509":0,"510":0,"513":0,"516":0,"518":0,"521":0,"522":0,"523":0,"524":0,"526":0,"529":0,"536":1,"537":0,"538":0,"541":0,"542":0,"544":0,"547":0,"548":0,"552":0,"553":0,"557":0,"558":0,"560":0,"561":0,"563":0,"564":0,"565":0,"568":0,"571":0,"572":0,"575":0,"576":0,"577":0,"579":0,"582":1,"583":0,"584":0,"588":0,"589":0,"592":0,"595":1,"596":0,"598":1,"599":0,"602":1,"603":0,"604":0,"605":0,"608":0,"610":0,"611":0,"612":0,"613":0,"616":0,"617":0,"618":0,"622":0,"623":0,"626":0,"628":0,"629":0,"633":0,"636":1,"637":0,"646":1,"647":0,"648":0,"649":0,"651":0,"654":0,"657":0,"660":0,"661":0,"662":0,"663":0,"667":0,"668":0,"669":0,"671":0,"674":0,"675":0,"676":0,"678":0,"679":0,"682":0,"685":1,"686":0,"689":1,"690":0,"692":0,"694":0,"695":0,"696":0,"700":0,"705":1,"706":0,"707":0,"709":0,"710":0,"712":0,"713":0,"714":0,"716":0,"717":0,"718":0,"722":0,"728":1,"730":0,"734":0,"735":0,"736":0,"738":0,"741":1}}}